nohup: ignoring input
/opt/conda/envs/vae/lib/python3.10/site-packages/pytorch_lightning/utilities/seed.py:48: LightningDeprecationWarning: `pytorch_lightning.utilities.seed.seed_everything` has been deprecated in v1.8.0 and will be removed in v1.10.0. Please use `lightning_lite.utilities.seed.seed_everything` instead.
  rank_zero_deprecation(
Global seed set to 1265
/opt/conda/envs/vae/lib/python3.10/site-packages/pytorch_lightning/trainer/connectors/accelerator_connector.py:441: LightningDeprecationWarning: Setting `Trainer(gpus=[0])` is deprecated in v1.7 and will be removed in v2.0. Please use `Trainer(accelerator='gpu', devices=[0])` instead.
  rank_zero_deprecation(
GPU available: True (cuda), used: True
TPU available: False, using: 0 TPU cores
IPU available: False, using: 0 IPUs
HPU available: False, using: 0 HPUs
[rank: 0] Global seed set to 1265
Initializing distributed: GLOBAL_RANK: 0, MEMBER: 1/1
----------------------------------------------------------------------------------------------------
distributed_backend=nccl
All distributed processes registered. Starting with 1 processes
----------------------------------------------------------------------------------------------------

LOCAL_RANK: 0 - CUDA_VISIBLE_DEVICES: [0]

  | Name  | Type       | Params
-------------------------------------
0 | model | VanillaVAE | 6.3 M 
-------------------------------------
6.3 M     Trainable params
0         Non-trainable params
6.3 M     Total params
25.212    Total estimated model params size (MB)
======= Training VanillaVAE =======

Sanity Checking: 0it [00:00, ?it/s]
Sanity Checking:   0%|          | 0/1 [00:00<?, ?it/s]
Sanity Checking DataLoader 0:   0%|          | 0/1 [00:00<?, ?it/s]
Sanity Checking DataLoader 0: 100%|â–ˆâ–ˆâ–ˆâ–ˆâ–ˆâ–ˆâ–ˆâ–ˆâ–ˆâ–ˆ| 1/1 [00:00<00:00,  3.17it/s]
                                                                           

Training: 0it [00:00, ?it/s]
Training:   0%|          | 0/83 [00:00<?, ?it/s]
Epoch 0:   0%|          | 0/83 [00:00<?, ?it/s] 
Epoch 0:   1%|          | 1/83 [00:01<02:07,  1.56s/it]
Epoch 0:   1%|          | 1/83 [00:01<02:07,  1.56s/it, loss=1.37, v_num=21]
Epoch 0:   2%|â–         | 2/83 [00:01<01:04,  1.26it/s, loss=1.37, v_num=21]
Epoch 0:   2%|â–         | 2/83 [00:01<01:04,  1.25it/s, loss=7.38e+04, v_num=21]
Epoch 0:   4%|â–Ž         | 3/83 [00:01<00:42,  1.86it/s, loss=7.38e+04, v_num=21]
Epoch 0:   4%|â–Ž         | 3/83 [00:01<00:43,  1.85it/s, loss=4.92e+04, v_num=21]
Epoch 0:   5%|â–         | 4/83 [00:01<00:32,  2.44it/s, loss=4.92e+04, v_num=21]
Epoch 0:   5%|â–         | 4/83 [00:01<00:32,  2.42it/s, loss=3.83e+04, v_num=21]
Epoch 0:   6%|â–Œ         | 5/83 [00:02<00:39,  2.00it/s, loss=3.83e+04, v_num=21]
Epoch 0:   6%|â–Œ         | 5/83 [00:02<00:39,  1.99it/s, loss=3.06e+04, v_num=21]
Epoch 0:   7%|â–‹         | 6/83 [00:02<00:32,  2.35it/s, loss=3.06e+04, v_num=21]
Epoch 0:   7%|â–‹         | 6/83 [00:02<00:33,  2.33it/s, loss=2.55e+04, v_num=21]
Epoch 0:   8%|â–Š         | 7/83 [00:02<00:28,  2.70it/s, loss=2.55e+04, v_num=21]
Epoch 0:   8%|â–Š         | 7/83 [00:02<00:28,  2.68it/s, loss=2.19e+04, v_num=21]
Epoch 0:  10%|â–‰         | 8/83 [00:02<00:26,  2.82it/s, loss=2.19e+04, v_num=21]
Epoch 0:  10%|â–‰         | 8/83 [00:02<00:26,  2.81it/s, loss=1.92e+04, v_num=21]
Epoch 0:  11%|â–ˆ         | 9/83 [00:04<00:36,  2.02it/s, loss=1.92e+04, v_num=21]
Epoch 0:  11%|â–ˆ         | 9/83 [00:04<00:36,  2.02it/s, loss=1.74e+04, v_num=21]
Epoch 0:  12%|â–ˆâ–        | 10/83 [00:04<00:32,  2.23it/s, loss=1.74e+04, v_num=21]
Epoch 0:  12%|â–ˆâ–        | 10/83 [00:04<00:34,  2.14it/s, loss=1.57e+04, v_num=21]
Epoch 0:  13%|â–ˆâ–Ž        | 11/83 [00:04<00:30,  2.35it/s, loss=1.57e+04, v_num=21]
Epoch 0:  13%|â–ˆâ–Ž        | 11/83 [00:04<00:30,  2.34it/s, loss=1.42e+04, v_num=21]
Epoch 0:  14%|â–ˆâ–        | 12/83 [00:04<00:28,  2.47it/s, loss=1.42e+04, v_num=21]
Epoch 0:  14%|â–ˆâ–        | 12/83 [00:04<00:28,  2.46it/s, loss=1.31e+04, v_num=21]
Epoch 0:  16%|â–ˆâ–Œ        | 13/83 [00:06<00:32,  2.16it/s, loss=1.31e+04, v_num=21]
Epoch 0:  16%|â–ˆâ–Œ        | 13/83 [00:06<00:32,  2.16it/s, loss=1.21e+04, v_num=21]
Epoch 0:  17%|â–ˆâ–‹        | 14/83 [00:06<00:29,  2.32it/s, loss=1.21e+04, v_num=21]
Epoch 0:  17%|â–ˆâ–‹        | 14/83 [00:06<00:29,  2.31it/s, loss=1.12e+04, v_num=21]
Epoch 0:  18%|â–ˆâ–Š        | 15/83 [00:06<00:27,  2.47it/s, loss=1.12e+04, v_num=21]
Epoch 0:  18%|â–ˆâ–Š        | 15/83 [00:06<00:27,  2.47it/s, loss=1.04e+04, v_num=21]
Epoch 0:  19%|â–ˆâ–‰        | 16/83 [00:06<00:25,  2.62it/s, loss=1.04e+04, v_num=21]
Epoch 0:  19%|â–ˆâ–‰        | 16/83 [00:06<00:25,  2.62it/s, loss=9.79e+03, v_num=21]
Epoch 0:  20%|â–ˆâ–ˆ        | 17/83 [00:07<00:29,  2.25it/s, loss=9.79e+03, v_num=21]
Epoch 0:  20%|â–ˆâ–ˆ        | 17/83 [00:07<00:29,  2.24it/s, loss=9.22e+03, v_num=21]
Epoch 0:  22%|â–ˆâ–ˆâ–       | 18/83 [00:07<00:27,  2.37it/s, loss=9.22e+03, v_num=21]
Epoch 0:  22%|â–ˆâ–ˆâ–       | 18/83 [00:07<00:27,  2.37it/s, loss=8.71e+03, v_num=21]
Epoch 0:  23%|â–ˆâ–ˆâ–Ž       | 19/83 [00:07<00:25,  2.49it/s, loss=8.71e+03, v_num=21]
Epoch 0:  23%|â–ˆâ–ˆâ–Ž       | 19/83 [00:07<00:25,  2.49it/s, loss=8.25e+03, v_num=21]
Epoch 0:  24%|â–ˆâ–ˆâ–       | 20/83 [00:07<00:24,  2.61it/s, loss=8.25e+03, v_num=21]
Epoch 0:  24%|â–ˆâ–ˆâ–       | 20/83 [00:07<00:24,  2.60it/s, loss=7.84e+03, v_num=21]
Epoch 0:  25%|â–ˆâ–ˆâ–Œ       | 21/83 [00:09<00:26,  2.33it/s, loss=7.84e+03, v_num=21]
Epoch 0:  25%|â–ˆâ–ˆâ–Œ       | 21/83 [00:09<00:26,  2.33it/s, loss=7.84e+03, v_num=21]
Epoch 0:  27%|â–ˆâ–ˆâ–‹       | 22/83 [00:09<00:25,  2.43it/s, loss=7.84e+03, v_num=21]
Epoch 0:  27%|â–ˆâ–ˆâ–‹       | 22/83 [00:09<00:25,  2.43it/s, loss=459, v_num=21]     
Epoch 0:  28%|â–ˆâ–ˆâ–Š       | 23/83 [00:09<00:23,  2.53it/s, loss=459, v_num=21]
Epoch 0:  28%|â–ˆâ–ˆâ–Š       | 23/83 [00:09<00:23,  2.53it/s, loss=458, v_num=21]
Epoch 0:  29%|â–ˆâ–ˆâ–‰       | 24/83 [00:09<00:22,  2.64it/s, loss=458, v_num=21]
Epoch 0:  29%|â–ˆâ–ˆâ–‰       | 24/83 [00:09<00:22,  2.63it/s, loss=175, v_num=21]
Epoch 0:  30%|â–ˆâ–ˆâ–ˆ       | 25/83 [00:10<00:23,  2.47it/s, loss=175, v_num=21]
Epoch 0:  30%|â–ˆâ–ˆâ–ˆ       | 25/83 [00:10<00:23,  2.46it/s, loss=175, v_num=21]
Epoch 0:  31%|â–ˆâ–ˆâ–ˆâ–      | 26/83 [00:10<00:23,  2.45it/s, loss=175, v_num=21]
Epoch 0:  31%|â–ˆâ–ˆâ–ˆâ–      | 26/83 [00:10<00:23,  2.45it/s, loss=175, v_num=21]
Epoch 0:  33%|â–ˆâ–ˆâ–ˆâ–Ž      | 27/83 [00:10<00:22,  2.54it/s, loss=175, v_num=21]
Epoch 0:  33%|â–ˆâ–ˆâ–ˆâ–Ž      | 27/83 [00:10<00:22,  2.54it/s, loss=175, v_num=21]
Epoch 0:  34%|â–ˆâ–ˆâ–ˆâ–Ž      | 28/83 [00:10<00:21,  2.62it/s, loss=175, v_num=21]
Epoch 0:  34%|â–ˆâ–ˆâ–ˆâ–Ž      | 28/83 [00:10<00:21,  2.61it/s, loss=175, v_num=21]
Epoch 0:  35%|â–ˆâ–ˆâ–ˆâ–      | 29/83 [00:10<00:20,  2.65it/s, loss=175, v_num=21]
Epoch 0:  35%|â–ˆâ–ˆâ–ˆâ–      | 29/83 [00:10<00:20,  2.65it/s, loss=1.99, v_num=21]
Epoch 0:  36%|â–ˆâ–ˆâ–ˆâ–Œ      | 30/83 [00:11<00:20,  2.52it/s, loss=1.99, v_num=21]
Epoch 0:  36%|â–ˆâ–ˆâ–ˆâ–Œ      | 30/83 [00:11<00:21,  2.52it/s, loss=1.99, v_num=21]
Epoch 0:  37%|â–ˆâ–ˆâ–ˆâ–‹      | 31/83 [00:11<00:19,  2.60it/s, loss=1.99, v_num=21]
Epoch 0:  37%|â–ˆâ–ˆâ–ˆâ–‹      | 31/83 [00:11<00:20,  2.60it/s, loss=1.96, v_num=21]
Epoch 0:  39%|â–ˆâ–ˆâ–ˆâ–Š      | 32/83 [00:11<00:19,  2.68it/s, loss=1.96, v_num=21]
Epoch 0:  39%|â–ˆâ–ˆâ–ˆâ–Š      | 32/83 [00:11<00:19,  2.67it/s, loss=1.98, v_num=21]
Epoch 0:  40%|â–ˆâ–ˆâ–ˆâ–‰      | 33/83 [00:12<00:19,  2.62it/s, loss=1.98, v_num=21]
Epoch 0:  40%|â–ˆâ–ˆâ–ˆâ–‰      | 33/83 [00:12<00:19,  2.61it/s, loss=1.97, v_num=21]
Epoch 0:  41%|â–ˆâ–ˆâ–ˆâ–ˆ      | 34/83 [00:13<00:19,  2.54it/s, loss=1.97, v_num=21]
Epoch 0:  41%|â–ˆâ–ˆâ–ˆâ–ˆ      | 34/83 [00:13<00:19,  2.54it/s, loss=1.94, v_num=21]
Epoch 0:  42%|â–ˆâ–ˆâ–ˆâ–ˆâ–     | 35/83 [00:13<00:18,  2.60it/s, loss=1.94, v_num=21]
Epoch 0:  42%|â–ˆâ–ˆâ–ˆâ–ˆâ–     | 35/83 [00:13<00:18,  2.60it/s, loss=1.92, v_num=21]
Epoch 0:  43%|â–ˆâ–ˆâ–ˆâ–ˆâ–Ž     | 36/83 [00:13<00:17,  2.67it/s, loss=1.92, v_num=21]
Epoch 0:  43%|â–ˆâ–ˆâ–ˆâ–ˆâ–Ž     | 36/83 [00:13<00:17,  2.67it/s, loss=1.91, v_num=21]
Epoch 0:  45%|â–ˆâ–ˆâ–ˆâ–ˆâ–     | 37/83 [00:13<00:17,  2.68it/s, loss=1.91, v_num=21]
Epoch 0:  45%|â–ˆâ–ˆâ–ˆâ–ˆâ–     | 37/83 [00:13<00:17,  2.68it/s, loss=1.9, v_num=21] 
Epoch 0:  46%|â–ˆâ–ˆâ–ˆâ–ˆâ–Œ     | 38/83 [00:14<00:17,  2.58it/s, loss=1.9, v_num=21]
Epoch 0:  46%|â–ˆâ–ˆâ–ˆâ–ˆâ–Œ     | 38/83 [00:14<00:17,  2.58it/s, loss=1.87, v_num=21]
Epoch 0:  47%|â–ˆâ–ˆâ–ˆâ–ˆâ–‹     | 39/83 [00:14<00:16,  2.64it/s, loss=1.87, v_num=21]
Epoch 0:  47%|â–ˆâ–ˆâ–ˆâ–ˆâ–‹     | 39/83 [00:14<00:16,  2.64it/s, loss=1.86, v_num=21]
Epoch 0:  48%|â–ˆâ–ˆâ–ˆâ–ˆâ–Š     | 40/83 [00:14<00:15,  2.70it/s, loss=1.86, v_num=21]
Epoch 0:  48%|â–ˆâ–ˆâ–ˆâ–ˆâ–Š     | 40/83 [00:14<00:15,  2.70it/s, loss=1.84, v_num=21]
Epoch 0:  49%|â–ˆâ–ˆâ–ˆâ–ˆâ–‰     | 41/83 [00:14<00:15,  2.75it/s, loss=1.84, v_num=21]
Epoch 0:  49%|â–ˆâ–ˆâ–ˆâ–ˆâ–‰     | 41/83 [00:14<00:15,  2.74it/s, loss=1.82, v_num=21]
Epoch 0:  51%|â–ˆâ–ˆâ–ˆâ–ˆâ–ˆ     | 42/83 [00:15<00:15,  2.64it/s, loss=1.82, v_num=21]
Epoch 0:  51%|â–ˆâ–ˆâ–ˆâ–ˆâ–ˆ     | 42/83 [00:15<00:15,  2.64it/s, loss=1.81, v_num=21]
Epoch 0:  52%|â–ˆâ–ˆâ–ˆâ–ˆâ–ˆâ–    | 43/83 [00:15<00:14,  2.70it/s, loss=1.81, v_num=21]
Epoch 0:  52%|â–ˆâ–ˆâ–ˆâ–ˆâ–ˆâ–    | 43/83 [00:15<00:14,  2.70it/s, loss=1.79, v_num=21]
Epoch 0:  53%|â–ˆâ–ˆâ–ˆâ–ˆâ–ˆâ–Ž    | 44/83 [00:15<00:14,  2.76it/s, loss=1.79, v_num=21]
Epoch 0:  53%|â–ˆâ–ˆâ–ˆâ–ˆâ–ˆâ–Ž    | 44/83 [00:15<00:14,  2.76it/s, loss=1.77, v_num=21]
Epoch 0:  54%|â–ˆâ–ˆâ–ˆâ–ˆâ–ˆâ–    | 45/83 [00:16<00:13,  2.81it/s, loss=1.77, v_num=21]
Epoch 0:  54%|â–ˆâ–ˆâ–ˆâ–ˆâ–ˆâ–    | 45/83 [00:16<00:13,  2.81it/s, loss=1.76, v_num=21]
Epoch 0:  55%|â–ˆâ–ˆâ–ˆâ–ˆâ–ˆâ–Œ    | 46/83 [00:17<00:14,  2.60it/s, loss=1.76, v_num=21]
Epoch 0:  55%|â–ˆâ–ˆâ–ˆâ–ˆâ–ˆâ–Œ    | 46/83 [00:17<00:14,  2.60it/s, loss=1.76, v_num=21]
Epoch 0:  57%|â–ˆâ–ˆâ–ˆâ–ˆâ–ˆâ–‹    | 47/83 [00:17<00:13,  2.65it/s, loss=1.76, v_num=21]
Epoch 0:  57%|â–ˆâ–ˆâ–ˆâ–ˆâ–ˆâ–‹    | 47/83 [00:17<00:13,  2.65it/s, loss=1.75, v_num=21]
Epoch 0:  58%|â–ˆâ–ˆâ–ˆâ–ˆâ–ˆâ–Š    | 48/83 [00:17<00:12,  2.70it/s, loss=1.75, v_num=21]
Epoch 0:  58%|â–ˆâ–ˆâ–ˆâ–ˆâ–ˆâ–Š    | 48/83 [00:17<00:12,  2.70it/s, loss=1.74, v_num=21]
Epoch 0:  59%|â–ˆâ–ˆâ–ˆâ–ˆâ–ˆâ–‰    | 49/83 [00:17<00:12,  2.76it/s, loss=1.74, v_num=21]
Epoch 0:  59%|â–ˆâ–ˆâ–ˆâ–ˆâ–ˆâ–‰    | 49/83 [00:17<00:12,  2.76it/s, loss=1.74, v_num=21]
Epoch 0:  60%|â–ˆâ–ˆâ–ˆâ–ˆâ–ˆâ–ˆ    | 50/83 [00:18<00:12,  2.64it/s, loss=1.74, v_num=21]
Epoch 0:  60%|â–ˆâ–ˆâ–ˆâ–ˆâ–ˆâ–ˆ    | 50/83 [00:18<00:12,  2.64it/s, loss=1.73, v_num=21]
Epoch 0:  61%|â–ˆâ–ˆâ–ˆâ–ˆâ–ˆâ–ˆâ–   | 51/83 [00:19<00:11,  2.68it/s, loss=1.73, v_num=21]
Epoch 0:  61%|â–ˆâ–ˆâ–ˆâ–ˆâ–ˆâ–ˆâ–   | 51/83 [00:19<00:11,  2.68it/s, loss=1.74, v_num=21]
Epoch 0:  63%|â–ˆâ–ˆâ–ˆâ–ˆâ–ˆâ–ˆâ–Ž   | 52/83 [00:19<00:11,  2.73it/s, loss=1.74, v_num=21]
Epoch 0:  63%|â–ˆâ–ˆâ–ˆâ–ˆâ–ˆâ–ˆâ–Ž   | 52/83 [00:19<00:11,  2.73it/s, loss=1.82, v_num=21]
Epoch 0:  64%|â–ˆâ–ˆâ–ˆâ–ˆâ–ˆâ–ˆâ–   | 53/83 [00:19<00:10,  2.77it/s, loss=1.82, v_num=21]
Epoch 0:  64%|â–ˆâ–ˆâ–ˆâ–ˆâ–ˆâ–ˆâ–   | 53/83 [00:19<00:10,  2.77it/s, loss=1.81, v_num=21]
Epoch 0:  65%|â–ˆâ–ˆâ–ˆâ–ˆâ–ˆâ–ˆâ–Œ   | 54/83 [00:20<00:10,  2.69it/s, loss=1.81, v_num=21]
Epoch 0:  65%|â–ˆâ–ˆâ–ˆâ–ˆâ–ˆâ–ˆâ–Œ   | 54/83 [00:20<00:10,  2.69it/s, loss=1.79, v_num=21]
Epoch 0:  66%|â–ˆâ–ˆâ–ˆâ–ˆâ–ˆâ–ˆâ–‹   | 55/83 [00:20<00:10,  2.73it/s, loss=1.79, v_num=21]
Epoch 0:  66%|â–ˆâ–ˆâ–ˆâ–ˆâ–ˆâ–ˆâ–‹   | 55/83 [00:20<00:10,  2.73it/s, loss=1.8, v_num=21] 
Epoch 0:  67%|â–ˆâ–ˆâ–ˆâ–ˆâ–ˆâ–ˆâ–‹   | 56/83 [00:20<00:09,  2.78it/s, loss=1.8, v_num=21]
Epoch 0:  67%|â–ˆâ–ˆâ–ˆâ–ˆâ–ˆâ–ˆâ–‹   | 56/83 [00:20<00:09,  2.78it/s, loss=1.78, v_num=21]
Epoch 0:  69%|â–ˆâ–ˆâ–ˆâ–ˆâ–ˆâ–ˆâ–Š   | 57/83 [00:20<00:09,  2.80it/s, loss=1.78, v_num=21]
Epoch 0:  69%|â–ˆâ–ˆâ–ˆâ–ˆâ–ˆâ–ˆâ–Š   | 57/83 [00:20<00:09,  2.80it/s, loss=1.78, v_num=21]
Epoch 0:  70%|â–ˆâ–ˆâ–ˆâ–ˆâ–ˆâ–ˆâ–‰   | 58/83 [00:21<00:09,  2.73it/s, loss=1.78, v_num=21]
Epoch 0:  70%|â–ˆâ–ˆâ–ˆâ–ˆâ–ˆâ–ˆâ–‰   | 58/83 [00:21<00:09,  2.73it/s, loss=1.79, v_num=21]
Epoch 0:  71%|â–ˆâ–ˆâ–ˆâ–ˆâ–ˆâ–ˆâ–ˆ   | 59/83 [00:21<00:08,  2.78it/s, loss=1.79, v_num=21]
Epoch 0:  71%|â–ˆâ–ˆâ–ˆâ–ˆâ–ˆâ–ˆâ–ˆ   | 59/83 [00:21<00:08,  2.77it/s, loss=1.79, v_num=21]
Epoch 0:  72%|â–ˆâ–ˆâ–ˆâ–ˆâ–ˆâ–ˆâ–ˆâ–  | 60/83 [00:21<00:08,  2.82it/s, loss=1.79, v_num=21]
Epoch 0:  72%|â–ˆâ–ˆâ–ˆâ–ˆâ–ˆâ–ˆâ–ˆâ–  | 60/83 [00:21<00:08,  2.82it/s, loss=1.8, v_num=21] 
Epoch 0:  73%|â–ˆâ–ˆâ–ˆâ–ˆâ–ˆâ–ˆâ–ˆâ–Ž  | 61/83 [00:21<00:07,  2.83it/s, loss=1.8, v_num=21]
Epoch 0:  73%|â–ˆâ–ˆâ–ˆâ–ˆâ–ˆâ–ˆâ–ˆâ–Ž  | 61/83 [00:21<00:07,  2.83it/s, loss=1.8, v_num=21]
Epoch 0:  75%|â–ˆâ–ˆâ–ˆâ–ˆâ–ˆâ–ˆâ–ˆâ–  | 62/83 [00:22<00:07,  2.77it/s, loss=1.8, v_num=21]
Epoch 0:  75%|â–ˆâ–ˆâ–ˆâ–ˆâ–ˆâ–ˆâ–ˆâ–  | 62/83 [00:22<00:07,  2.77it/s, loss=2.02, v_num=21]
Epoch 0:  76%|â–ˆâ–ˆâ–ˆâ–ˆâ–ˆâ–ˆâ–ˆâ–Œ  | 63/83 [00:22<00:07,  2.81it/s, loss=2.02, v_num=21]
Epoch 0:  76%|â–ˆâ–ˆâ–ˆâ–ˆâ–ˆâ–ˆâ–ˆâ–Œ  | 63/83 [00:22<00:07,  2.81it/s, loss=2.02, v_num=21]
Epoch 0:  77%|â–ˆâ–ˆâ–ˆâ–ˆâ–ˆâ–ˆâ–ˆâ–‹  | 64/83 [00:22<00:06,  2.85it/s, loss=2.02, v_num=21]
Epoch 0:  77%|â–ˆâ–ˆâ–ˆâ–ˆâ–ˆâ–ˆâ–ˆâ–‹  | 64/83 [00:22<00:06,  2.85it/s, loss=2.02, v_num=21]
Epoch 0:  78%|â–ˆâ–ˆâ–ˆâ–ˆâ–ˆâ–ˆâ–ˆâ–Š  | 65/83 [00:22<00:06,  2.86it/s, loss=2.02, v_num=21]
Epoch 0:  78%|â–ˆâ–ˆâ–ˆâ–ˆâ–ˆâ–ˆâ–ˆâ–Š  | 65/83 [00:22<00:06,  2.86it/s, loss=2.01, v_num=21]
Epoch 0:  80%|â–ˆâ–ˆâ–ˆâ–ˆâ–ˆâ–ˆâ–ˆâ–‰  | 66/83 [00:23<00:06,  2.80it/s, loss=2.01, v_num=21]
Epoch 0:  80%|â–ˆâ–ˆâ–ˆâ–ˆâ–ˆâ–ˆâ–ˆâ–‰  | 66/83 [00:23<00:06,  2.79it/s, loss=2, v_num=21]   
Epoch 0:  81%|â–ˆâ–ˆâ–ˆâ–ˆâ–ˆâ–ˆâ–ˆâ–ˆ  | 67/83 [00:23<00:05,  2.83it/s, loss=2, v_num=21]
Epoch 0:  81%|â–ˆâ–ˆâ–ˆâ–ˆâ–ˆâ–ˆâ–ˆâ–ˆ  | 67/83 [00:23<00:05,  2.83it/s, loss=1.99, v_num=21]
Epoch 0:  82%|â–ˆâ–ˆâ–ˆâ–ˆâ–ˆâ–ˆâ–ˆâ–ˆâ– | 68/83 [00:23<00:05,  2.87it/s, loss=1.99, v_num=21]
Epoch 0:  82%|â–ˆâ–ˆâ–ˆâ–ˆâ–ˆâ–ˆâ–ˆâ–ˆâ– | 68/83 [00:23<00:05,  2.87it/s, loss=1.98, v_num=21]
Epoch 0:  83%|â–ˆâ–ˆâ–ˆâ–ˆâ–ˆâ–ˆâ–ˆâ–ˆâ–Ž | 69/83 [00:23<00:04,  2.88it/s, loss=1.98, v_num=21]
Epoch 0:  83%|â–ˆâ–ˆâ–ˆâ–ˆâ–ˆâ–ˆâ–ˆâ–ˆâ–Ž | 69/83 [00:23<00:04,  2.88it/s, loss=1.96, v_num=21]
Epoch 0:  84%|â–ˆâ–ˆâ–ˆâ–ˆâ–ˆâ–ˆâ–ˆâ–ˆâ– | 70/83 [00:24<00:04,  2.81it/s, loss=1.96, v_num=21]
Epoch 0:  84%|â–ˆâ–ˆâ–ˆâ–ˆâ–ˆâ–ˆâ–ˆâ–ˆâ– | 70/83 [00:24<00:04,  2.81it/s, loss=1.95, v_num=21]
Epoch 0:  86%|â–ˆâ–ˆâ–ˆâ–ˆâ–ˆâ–ˆâ–ˆâ–ˆâ–Œ | 71/83 [00:24<00:04,  2.85it/s, loss=1.95, v_num=21]
Epoch 0:  86%|â–ˆâ–ˆâ–ˆâ–ˆâ–ˆâ–ˆâ–ˆâ–ˆâ–Œ | 71/83 [00:24<00:04,  2.84it/s, loss=1.93, v_num=21]
Epoch 0:  87%|â–ˆâ–ˆâ–ˆâ–ˆâ–ˆâ–ˆâ–ˆâ–ˆâ–‹ | 72/83 [00:24<00:03,  2.88it/s, loss=1.93, v_num=21]
Epoch 0:  87%|â–ˆâ–ˆâ–ˆâ–ˆâ–ˆâ–ˆâ–ˆâ–ˆâ–‹ | 72/83 [00:24<00:03,  2.88it/s, loss=1.81, v_num=21]
Epoch 0:  88%|â–ˆâ–ˆâ–ˆâ–ˆâ–ˆâ–ˆâ–ˆâ–ˆâ–Š | 73/83 [00:25<00:03,  2.90it/s, loss=1.81, v_num=21]
Epoch 0:  88%|â–ˆâ–ˆâ–ˆâ–ˆâ–ˆâ–ˆâ–ˆâ–ˆâ–Š | 73/83 [00:25<00:03,  2.90it/s, loss=1.8, v_num=21] 
Epoch 0:  89%|â–ˆâ–ˆâ–ˆâ–ˆâ–ˆâ–ˆâ–ˆâ–ˆâ–‰ | 74/83 [00:26<00:03,  2.81it/s, loss=1.8, v_num=21]
Epoch 0:  89%|â–ˆâ–ˆâ–ˆâ–ˆâ–ˆâ–ˆâ–ˆâ–ˆâ–‰ | 74/83 [00:26<00:03,  2.81it/s, loss=1.8, v_num=21]
Epoch 0:  90%|â–ˆâ–ˆâ–ˆâ–ˆâ–ˆâ–ˆâ–ˆâ–ˆâ–ˆ | 75/83 [00:26<00:02,  2.85it/s, loss=1.8, v_num=21]
Epoch 0:  90%|â–ˆâ–ˆâ–ˆâ–ˆâ–ˆâ–ˆâ–ˆâ–ˆâ–ˆ | 75/83 [00:26<00:02,  2.84it/s, loss=1.78, v_num=21]
Epoch 0:  92%|â–ˆâ–ˆâ–ˆâ–ˆâ–ˆâ–ˆâ–ˆâ–ˆâ–ˆâ–| 76/83 [00:26<00:02,  2.88it/s, loss=1.78, v_num=21]
Epoch 0:  92%|â–ˆâ–ˆâ–ˆâ–ˆâ–ˆâ–ˆâ–ˆâ–ˆâ–ˆâ–| 76/83 [00:26<00:02,  2.88it/s, loss=1.77, v_num=21]
Epoch 0:  93%|â–ˆâ–ˆâ–ˆâ–ˆâ–ˆâ–ˆâ–ˆâ–ˆâ–ˆâ–Ž| 77/83 [00:26<00:02,  2.91it/s, loss=1.77, v_num=21]
Epoch 0:  93%|â–ˆâ–ˆâ–ˆâ–ˆâ–ˆâ–ˆâ–ˆâ–ˆâ–ˆâ–Ž| 77/83 [00:26<00:02,  2.91it/s, loss=1.75, v_num=21]
Epoch 0:  94%|â–ˆâ–ˆâ–ˆâ–ˆâ–ˆâ–ˆâ–ˆâ–ˆâ–ˆâ–| 78/83 [00:27<00:01,  2.84it/s, loss=1.75, v_num=21]
Epoch 0:  94%|â–ˆâ–ˆâ–ˆâ–ˆâ–ˆâ–ˆâ–ˆâ–ˆâ–ˆâ–| 78/83 [00:27<00:01,  2.84it/s, loss=1.74, v_num=21]
Epoch 0:  95%|â–ˆâ–ˆâ–ˆâ–ˆâ–ˆâ–ˆâ–ˆâ–ˆâ–ˆâ–Œ| 79/83 [00:27<00:01,  2.88it/s, loss=1.74, v_num=21]
Epoch 0:  95%|â–ˆâ–ˆâ–ˆâ–ˆâ–ˆâ–ˆâ–ˆâ–ˆâ–ˆâ–Œ| 79/83 [00:27<00:01,  2.88it/s, loss=1.72, v_num=21]
Epoch 0:  96%|â–ˆâ–ˆâ–ˆâ–ˆâ–ˆâ–ˆâ–ˆâ–ˆâ–ˆâ–‹| 80/83 [00:27<00:01,  2.91it/s, loss=1.72, v_num=21]
Epoch 0:  96%|â–ˆâ–ˆâ–ˆâ–ˆâ–ˆâ–ˆâ–ˆâ–ˆâ–ˆâ–‹| 80/83 [00:27<00:01,  2.91it/s, loss=1.71, v_num=21]
Epoch 0:  98%|â–ˆâ–ˆâ–ˆâ–ˆâ–ˆâ–ˆâ–ˆâ–ˆâ–ˆâ–Š| 81/83 [00:27<00:00,  2.94it/s, loss=1.71, v_num=21]
Epoch 0:  98%|â–ˆâ–ˆâ–ˆâ–ˆâ–ˆâ–ˆâ–ˆâ–ˆâ–ˆâ–Š| 81/83 [00:27<00:00,  2.94it/s, loss=1.69, v_num=21]
Epoch 0:  99%|â–ˆâ–ˆâ–ˆâ–ˆâ–ˆâ–ˆâ–ˆâ–ˆâ–ˆâ–‰| 82/83 [00:27<00:00,  2.95it/s, loss=1.69, v_num=21]
Epoch 0:  99%|â–ˆâ–ˆâ–ˆâ–ˆâ–ˆâ–ˆâ–ˆâ–ˆâ–ˆâ–‰| 82/83 [00:27<00:00,  2.95it/s, loss=1.46, v_num=21]

Validation: 0it [00:00, ?it/s][A

Validation:   0%|          | 0/1 [00:00<?, ?it/s][A

Validation DataLoader 0:   0%|          | 0/1 [00:00<?, ?it/s][A

Validation DataLoader 0: 100%|â–ˆâ–ˆâ–ˆâ–ˆâ–ˆâ–ˆâ–ˆâ–ˆâ–ˆâ–ˆ| 1/1 [00:00<00:00, 162.46it/s][A
Epoch 0: 100%|â–ˆâ–ˆâ–ˆâ–ˆâ–ˆâ–ˆâ–ˆâ–ˆâ–ˆâ–ˆ| 83/83 [00:28<00:00,  2.95it/s, loss=1.46, v_num=21]
Epoch 0: 100%|â–ˆâ–ˆâ–ˆâ–ˆâ–ˆâ–ˆâ–ˆâ–ˆâ–ˆâ–ˆ| 83/83 [00:28<00:00,  2.95it/s, loss=1.46, v_num=21]

                                                                       [A
Epoch 0: 100%|â–ˆâ–ˆâ–ˆâ–ˆâ–ˆâ–ˆâ–ˆâ–ˆâ–ˆâ–ˆ| 83/83 [00:32<00:00,  2.58it/s, loss=1.46, v_num=21]
Epoch 0:   0%|          | 0/83 [00:00<?, ?it/s, loss=1.46, v_num=21]         
Epoch 1:   0%|          | 0/83 [00:00<?, ?it/s, loss=1.46, v_num=21]
Epoch 1:   1%|          | 1/83 [00:01<01:50,  1.35s/it, loss=1.46, v_num=21]
Epoch 1:   1%|          | 1/83 [00:01<01:51,  1.36s/it, loss=1.44, v_num=21]
Epoch 1:   2%|â–         | 2/83 [00:01<01:03,  1.28it/s, loss=1.44, v_num=21]
Epoch 1:   2%|â–         | 2/83 [00:01<01:03,  1.27it/s, loss=1.43, v_num=21]
Epoch 1:   4%|â–Ž         | 3/83 [00:01<00:42,  1.86it/s, loss=1.43, v_num=21]
Epoch 1:   4%|â–Ž         | 3/83 [00:01<00:43,  1.84it/s, loss=1.43, v_num=21]
Epoch 1:   5%|â–         | 4/83 [00:01<00:32,  2.42it/s, loss=1.43, v_num=21]
Epoch 1:   5%|â–         | 4/83 [00:01<00:32,  2.40it/s, loss=1.41, v_num=21]
Epoch 1:   6%|â–Œ         | 5/83 [00:02<00:40,  1.93it/s, loss=1.41, v_num=21]
Epoch 1:   6%|â–Œ         | 5/83 [00:02<00:40,  1.91it/s, loss=1.4, v_num=21] 
Epoch 1:   7%|â–‹         | 6/83 [00:02<00:33,  2.28it/s, loss=1.4, v_num=21]
Epoch 1:   7%|â–‹         | 6/83 [00:02<00:33,  2.27it/s, loss=1.4, v_num=21]
Epoch 1:   8%|â–Š         | 7/83 [00:02<00:29,  2.62it/s, loss=1.4, v_num=21]
Epoch 1:   8%|â–Š         | 7/83 [00:02<00:29,  2.61it/s, loss=1.4, v_num=21]
Epoch 1:  10%|â–‰         | 8/83 [00:02<00:25,  2.96it/s, loss=1.4, v_num=21]
Epoch 1:  10%|â–‰         | 8/83 [00:02<00:25,  2.94it/s, loss=1.39, v_num=21]
Epoch 1:  11%|â–ˆ         | 9/83 [00:03<00:31,  2.35it/s, loss=1.39, v_num=21]
Epoch 1:  11%|â–ˆ         | 9/83 [00:03<00:31,  2.34it/s, loss=1.39, v_num=21]
Epoch 1:  12%|â–ˆâ–        | 10/83 [00:03<00:28,  2.59it/s, loss=1.39, v_num=21]
Epoch 1:  12%|â–ˆâ–        | 10/83 [00:03<00:28,  2.57it/s, loss=1.38, v_num=21]
Epoch 1:  13%|â–ˆâ–Ž        | 11/83 [00:03<00:25,  2.82it/s, loss=1.38, v_num=21]
Epoch 1:  13%|â–ˆâ–Ž        | 11/83 [00:03<00:25,  2.81it/s, loss=1.37, v_num=21]
Epoch 1:  14%|â–ˆâ–        | 12/83 [00:03<00:23,  3.05it/s, loss=1.37, v_num=21]
Epoch 1:  14%|â–ˆâ–        | 12/83 [00:03<00:23,  3.04it/s, loss=1.36, v_num=21]
Epoch 1:  16%|â–ˆâ–Œ        | 13/83 [00:05<00:27,  2.57it/s, loss=1.36, v_num=21]
Epoch 1:  16%|â–ˆâ–Œ        | 13/83 [00:05<00:27,  2.57it/s, loss=1.36, v_num=21]
Epoch 1:  17%|â–ˆâ–‹        | 14/83 [00:05<00:25,  2.75it/s, loss=1.36, v_num=21]
Epoch 1:  17%|â–ˆâ–‹        | 14/83 [00:05<00:25,  2.75it/s, loss=1.35, v_num=21]
Epoch 1:  18%|â–ˆâ–Š        | 15/83 [00:05<00:23,  2.93it/s, loss=1.35, v_num=21]
Epoch 1:  18%|â–ˆâ–Š        | 15/83 [00:05<00:23,  2.92it/s, loss=1.34, v_num=21]
Epoch 1:  19%|â–ˆâ–‰        | 16/83 [00:05<00:21,  3.10it/s, loss=1.34, v_num=21]
Epoch 1:  19%|â–ˆâ–‰        | 16/83 [00:05<00:21,  3.10it/s, loss=1.32, v_num=21]
Epoch 1:  20%|â–ˆâ–ˆ        | 17/83 [00:06<00:23,  2.79it/s, loss=1.32, v_num=21]
Epoch 1:  20%|â–ˆâ–ˆ        | 17/83 [00:06<00:23,  2.79it/s, loss=1.32, v_num=21]
Epoch 1:  22%|â–ˆâ–ˆâ–       | 18/83 [00:06<00:22,  2.94it/s, loss=1.32, v_num=21]
Epoch 1:  22%|â–ˆâ–ˆâ–       | 18/83 [00:06<00:22,  2.93it/s, loss=1.31, v_num=21]
Epoch 1:  23%|â–ˆâ–ˆâ–Ž       | 19/83 [00:06<00:20,  3.08it/s, loss=1.31, v_num=21]
Epoch 1:  23%|â–ˆâ–ˆâ–Ž       | 19/83 [00:06<00:20,  3.07it/s, loss=1.29, v_num=21]
Epoch 1:  24%|â–ˆâ–ˆâ–       | 20/83 [00:06<00:20,  3.05it/s, loss=1.29, v_num=21]
Epoch 1:  24%|â–ˆâ–ˆâ–       | 20/83 [00:06<00:20,  3.04it/s, loss=1.29, v_num=21]
Epoch 1:  25%|â–ˆâ–ˆâ–Œ       | 21/83 [00:07<00:21,  2.86it/s, loss=1.29, v_num=21]
Epoch 1:  25%|â–ˆâ–ˆâ–Œ       | 21/83 [00:07<00:21,  2.86it/s, loss=1.28, v_num=21]
Epoch 1:  27%|â–ˆâ–ˆâ–‹       | 22/83 [00:07<00:20,  2.98it/s, loss=1.28, v_num=21]
Epoch 1:  27%|â–ˆâ–ˆâ–‹       | 22/83 [00:07<00:20,  2.97it/s, loss=1.28, v_num=21]
Epoch 1:  28%|â–ˆâ–ˆâ–Š       | 23/83 [00:07<00:19,  3.09it/s, loss=1.28, v_num=21]
Epoch 1:  28%|â–ˆâ–ˆâ–Š       | 23/83 [00:07<00:19,  3.09it/s, loss=1.27, v_num=21]
Epoch 1:  29%|â–ˆâ–ˆâ–‰       | 24/83 [00:07<00:19,  3.02it/s, loss=1.27, v_num=21]
Epoch 1:  29%|â–ˆâ–ˆâ–‰       | 24/83 [00:07<00:19,  3.02it/s, loss=1.27, v_num=21]
Epoch 1:  30%|â–ˆâ–ˆâ–ˆ       | 25/83 [00:08<00:19,  2.91it/s, loss=1.27, v_num=21]
Epoch 1:  30%|â–ˆâ–ˆâ–ˆ       | 25/83 [00:08<00:19,  2.90it/s, loss=1.26, v_num=21]
Epoch 1:  31%|â–ˆâ–ˆâ–ˆâ–      | 26/83 [00:08<00:18,  3.01it/s, loss=1.26, v_num=21]
Epoch 1:  31%|â–ˆâ–ˆâ–ˆâ–      | 26/83 [00:08<00:18,  3.01it/s, loss=1.26, v_num=21]
Epoch 1:  33%|â–ˆâ–ˆâ–ˆâ–Ž      | 27/83 [00:08<00:18,  3.11it/s, loss=1.26, v_num=21]
Epoch 1:  33%|â–ˆâ–ˆâ–ˆâ–Ž      | 27/83 [00:08<00:18,  3.11it/s, loss=1.25, v_num=21]
Epoch 1:  34%|â–ˆâ–ˆâ–ˆâ–Ž      | 28/83 [00:09<00:18,  3.00it/s, loss=1.25, v_num=21]
Epoch 1:  34%|â–ˆâ–ˆâ–ˆâ–Ž      | 28/83 [00:09<00:18,  3.00it/s, loss=1.25, v_num=21]
Epoch 1:  35%|â–ˆâ–ˆâ–ˆâ–      | 29/83 [00:10<00:18,  2.86it/s, loss=1.25, v_num=21]
Epoch 1:  35%|â–ˆâ–ˆâ–ˆâ–      | 29/83 [00:10<00:18,  2.86it/s, loss=1.24, v_num=21]
Epoch 1:  36%|â–ˆâ–ˆâ–ˆâ–Œ      | 30/83 [00:10<00:18,  2.94it/s, loss=1.24, v_num=21]
Epoch 1:  36%|â–ˆâ–ˆâ–ˆâ–Œ      | 30/83 [00:10<00:18,  2.94it/s, loss=1.24, v_num=21]
Epoch 1:  37%|â–ˆâ–ˆâ–ˆâ–‹      | 31/83 [00:10<00:17,  3.03it/s, loss=1.24, v_num=21]
Epoch 1:  37%|â–ˆâ–ˆâ–ˆâ–‹      | 31/83 [00:10<00:17,  3.03it/s, loss=1.23, v_num=21]
Epoch 1:  39%|â–ˆâ–ˆâ–ˆâ–Š      | 32/83 [00:10<00:16,  3.00it/s, loss=1.23, v_num=21]
Epoch 1:  39%|â–ˆâ–ˆâ–ˆâ–Š      | 32/83 [00:10<00:16,  3.00it/s, loss=1.22, v_num=21]
Epoch 1:  40%|â–ˆâ–ˆâ–ˆâ–‰      | 33/83 [00:11<00:17,  2.92it/s, loss=1.22, v_num=21]
Epoch 1:  40%|â–ˆâ–ˆâ–ˆâ–‰      | 33/83 [00:11<00:17,  2.92it/s, loss=1.21, v_num=21]
Epoch 1:  41%|â–ˆâ–ˆâ–ˆâ–ˆ      | 34/83 [00:11<00:16,  3.00it/s, loss=1.21, v_num=21]
Epoch 1:  41%|â–ˆâ–ˆâ–ˆâ–ˆ      | 34/83 [00:11<00:16,  3.00it/s, loss=1.2, v_num=21] 
Epoch 1:  42%|â–ˆâ–ˆâ–ˆâ–ˆâ–     | 35/83 [00:11<00:15,  3.08it/s, loss=1.2, v_num=21]
Epoch 1:  42%|â–ˆâ–ˆâ–ˆâ–ˆâ–     | 35/83 [00:11<00:15,  3.08it/s, loss=1.23, v_num=21]
Epoch 1:  43%|â–ˆâ–ˆâ–ˆâ–ˆâ–Ž     | 36/83 [00:11<00:15,  3.04it/s, loss=1.23, v_num=21]
Epoch 1:  43%|â–ˆâ–ˆâ–ˆâ–ˆâ–Ž     | 36/83 [00:11<00:15,  3.04it/s, loss=1.22, v_num=21]
Epoch 1:  45%|â–ˆâ–ˆâ–ˆâ–ˆâ–     | 37/83 [00:12<00:15,  2.93it/s, loss=1.22, v_num=21]
Epoch 1:  45%|â–ˆâ–ˆâ–ˆâ–ˆâ–     | 37/83 [00:12<00:15,  2.93it/s, loss=1.21, v_num=21]
Epoch 1:  46%|â–ˆâ–ˆâ–ˆâ–ˆâ–Œ     | 38/83 [00:12<00:14,  3.01it/s, loss=1.21, v_num=21]
Epoch 1:  46%|â–ˆâ–ˆâ–ˆâ–ˆâ–Œ     | 38/83 [00:12<00:14,  3.00it/s, loss=1.21, v_num=21]
Epoch 1:  47%|â–ˆâ–ˆâ–ˆâ–ˆâ–‹     | 39/83 [00:12<00:14,  3.07it/s, loss=1.21, v_num=21]
Epoch 1:  47%|â–ˆâ–ˆâ–ˆâ–ˆâ–‹     | 39/83 [00:12<00:14,  3.07it/s, loss=1.21, v_num=21]
Epoch 1:  48%|â–ˆâ–ˆâ–ˆâ–ˆâ–Š     | 40/83 [00:12<00:13,  3.08it/s, loss=1.21, v_num=21]
Epoch 1:  48%|â–ˆâ–ˆâ–ˆâ–ˆâ–Š     | 40/83 [00:13<00:13,  3.07it/s, loss=1.21, v_num=21]
Epoch 1:  49%|â–ˆâ–ˆâ–ˆâ–ˆâ–‰     | 41/83 [00:13<00:14,  2.96it/s, loss=1.21, v_num=21]
Epoch 1:  49%|â–ˆâ–ˆâ–ˆâ–ˆâ–‰     | 41/83 [00:13<00:14,  2.96it/s, loss=1.21, v_num=21]
Epoch 1:  51%|â–ˆâ–ˆâ–ˆâ–ˆâ–ˆ     | 42/83 [00:13<00:13,  3.02it/s, loss=1.21, v_num=21]
Epoch 1:  51%|â–ˆâ–ˆâ–ˆâ–ˆâ–ˆ     | 42/83 [00:13<00:13,  3.02it/s, loss=1.21, v_num=21]
Epoch 1:  52%|â–ˆâ–ˆâ–ˆâ–ˆâ–ˆâ–    | 43/83 [00:13<00:12,  3.08it/s, loss=1.21, v_num=21]
Epoch 1:  52%|â–ˆâ–ˆâ–ˆâ–ˆâ–ˆâ–    | 43/83 [00:13<00:12,  3.08it/s, loss=1.2, v_num=21] 
Epoch 1:  53%|â–ˆâ–ˆâ–ˆâ–ˆâ–ˆâ–Ž    | 44/83 [00:14<00:12,  3.08it/s, loss=1.2, v_num=21]
Epoch 1:  53%|â–ˆâ–ˆâ–ˆâ–ˆâ–ˆâ–Ž    | 44/83 [00:14<00:12,  3.07it/s, loss=1.22, v_num=21]
Epoch 1:  54%|â–ˆâ–ˆâ–ˆâ–ˆâ–ˆâ–    | 45/83 [00:15<00:12,  2.98it/s, loss=1.22, v_num=21]
Epoch 1:  54%|â–ˆâ–ˆâ–ˆâ–ˆâ–ˆâ–    | 45/83 [00:15<00:12,  2.97it/s, loss=1.21, v_num=21]
Epoch 1:  55%|â–ˆâ–ˆâ–ˆâ–ˆâ–ˆâ–Œ    | 46/83 [00:15<00:12,  3.03it/s, loss=1.21, v_num=21]
Epoch 1:  55%|â–ˆâ–ˆâ–ˆâ–ˆâ–ˆâ–Œ    | 46/83 [00:15<00:12,  3.03it/s, loss=1.21, v_num=21]
Epoch 1:  57%|â–ˆâ–ˆâ–ˆâ–ˆâ–ˆâ–‹    | 47/83 [00:15<00:11,  3.09it/s, loss=1.21, v_num=21]
Epoch 1:  57%|â–ˆâ–ˆâ–ˆâ–ˆâ–ˆâ–‹    | 47/83 [00:15<00:11,  3.09it/s, loss=1.2, v_num=21] 
Epoch 1:  58%|â–ˆâ–ˆâ–ˆâ–ˆâ–ˆâ–Š    | 48/83 [00:15<00:11,  3.09it/s, loss=1.2, v_num=21]
Epoch 1:  58%|â–ˆâ–ˆâ–ˆâ–ˆâ–ˆâ–Š    | 48/83 [00:15<00:11,  3.08it/s, loss=1.2, v_num=21]
Epoch 1:  59%|â–ˆâ–ˆâ–ˆâ–ˆâ–ˆâ–‰    | 49/83 [00:16<00:11,  2.94it/s, loss=1.2, v_num=21]
Epoch 1:  59%|â–ˆâ–ˆâ–ˆâ–ˆâ–ˆâ–‰    | 49/83 [00:16<00:11,  2.94it/s, loss=1.19, v_num=21]
Epoch 1:  60%|â–ˆâ–ˆâ–ˆâ–ˆâ–ˆâ–ˆ    | 50/83 [00:16<00:11,  2.99it/s, loss=1.19, v_num=21]
Epoch 1:  60%|â–ˆâ–ˆâ–ˆâ–ˆâ–ˆâ–ˆ    | 50/83 [00:16<00:11,  2.99it/s, loss=1.19, v_num=21]
Epoch 1:  61%|â–ˆâ–ˆâ–ˆâ–ˆâ–ˆâ–ˆâ–   | 51/83 [00:16<00:10,  3.05it/s, loss=1.19, v_num=21]
Epoch 1:  61%|â–ˆâ–ˆâ–ˆâ–ˆâ–ˆâ–ˆâ–   | 51/83 [00:16<00:10,  3.04it/s, loss=1.18, v_num=21]
Epoch 1:  63%|â–ˆâ–ˆâ–ˆâ–ˆâ–ˆâ–ˆâ–Ž   | 52/83 [00:17<00:10,  2.98it/s, loss=1.18, v_num=21]
Epoch 1:  63%|â–ˆâ–ˆâ–ˆâ–ˆâ–ˆâ–ˆâ–Ž   | 52/83 [00:17<00:10,  2.98it/s, loss=1.18, v_num=21]
Epoch 1:  64%|â–ˆâ–ˆâ–ˆâ–ˆâ–ˆâ–ˆâ–   | 53/83 [00:18<00:10,  2.91it/s, loss=1.18, v_num=21]
Epoch 1:  64%|â–ˆâ–ˆâ–ˆâ–ˆâ–ˆâ–ˆâ–   | 53/83 [00:18<00:10,  2.91it/s, loss=1.18, v_num=21]
Epoch 1:  65%|â–ˆâ–ˆâ–ˆâ–ˆâ–ˆâ–ˆâ–Œ   | 54/83 [00:18<00:09,  2.96it/s, loss=1.18, v_num=21]
Epoch 1:  65%|â–ˆâ–ˆâ–ˆâ–ˆâ–ˆâ–ˆâ–Œ   | 54/83 [00:18<00:09,  2.96it/s, loss=1.17, v_num=21]
Epoch 1:  66%|â–ˆâ–ˆâ–ˆâ–ˆâ–ˆâ–ˆâ–‹   | 55/83 [00:18<00:09,  3.01it/s, loss=1.17, v_num=21]
Epoch 1:  66%|â–ˆâ–ˆâ–ˆâ–ˆâ–ˆâ–ˆâ–‹   | 55/83 [00:18<00:09,  3.01it/s, loss=1.14, v_num=21]
Epoch 1:  67%|â–ˆâ–ˆâ–ˆâ–ˆâ–ˆâ–ˆâ–‹   | 56/83 [00:18<00:08,  3.02it/s, loss=1.14, v_num=21]
Epoch 1:  67%|â–ˆâ–ˆâ–ˆâ–ˆâ–ˆâ–ˆâ–‹   | 56/83 [00:18<00:08,  3.02it/s, loss=1.14, v_num=21]
Epoch 1:  69%|â–ˆâ–ˆâ–ˆâ–ˆâ–ˆâ–ˆâ–Š   | 57/83 [00:19<00:08,  2.93it/s, loss=1.14, v_num=21]
Epoch 1:  69%|â–ˆâ–ˆâ–ˆâ–ˆâ–ˆâ–ˆâ–Š   | 57/83 [00:19<00:08,  2.92it/s, loss=1.14, v_num=21]
Epoch 1:  70%|â–ˆâ–ˆâ–ˆâ–ˆâ–ˆâ–ˆâ–‰   | 58/83 [00:19<00:08,  2.97it/s, loss=1.14, v_num=21]
Epoch 1:  70%|â–ˆâ–ˆâ–ˆâ–ˆâ–ˆâ–ˆâ–‰   | 58/83 [00:19<00:08,  2.97it/s, loss=1.14, v_num=21]
Epoch 1:  71%|â–ˆâ–ˆâ–ˆâ–ˆâ–ˆâ–ˆâ–ˆ   | 59/83 [00:19<00:07,  3.02it/s, loss=1.14, v_num=21]
Epoch 1:  71%|â–ˆâ–ˆâ–ˆâ–ˆâ–ˆâ–ˆâ–ˆ   | 59/83 [00:19<00:07,  3.02it/s, loss=1.13, v_num=21]
Epoch 1:  72%|â–ˆâ–ˆâ–ˆâ–ˆâ–ˆâ–ˆâ–ˆâ–  | 60/83 [00:19<00:07,  3.04it/s, loss=1.13, v_num=21]
Epoch 1:  72%|â–ˆâ–ˆâ–ˆâ–ˆâ–ˆâ–ˆâ–ˆâ–  | 60/83 [00:19<00:07,  3.04it/s, loss=1.12, v_num=21]
Epoch 1:  73%|â–ˆâ–ˆâ–ˆâ–ˆâ–ˆâ–ˆâ–ˆâ–Ž  | 61/83 [00:20<00:07,  2.95it/s, loss=1.12, v_num=21]
Epoch 1:  73%|â–ˆâ–ˆâ–ˆâ–ˆâ–ˆâ–ˆâ–ˆâ–Ž  | 61/83 [00:20<00:07,  2.94it/s, loss=1.12, v_num=21]
Epoch 1:  75%|â–ˆâ–ˆâ–ˆâ–ˆâ–ˆâ–ˆâ–ˆâ–  | 62/83 [00:20<00:07,  2.99it/s, loss=1.12, v_num=21]
Epoch 1:  75%|â–ˆâ–ˆâ–ˆâ–ˆâ–ˆâ–ˆâ–ˆâ–  | 62/83 [00:20<00:07,  2.99it/s, loss=1.12, v_num=21]
Epoch 1:  76%|â–ˆâ–ˆâ–ˆâ–ˆâ–ˆâ–ˆâ–ˆâ–Œ  | 63/83 [00:20<00:06,  3.03it/s, loss=1.12, v_num=21]
Epoch 1:  76%|â–ˆâ–ˆâ–ˆâ–ˆâ–ˆâ–ˆâ–ˆâ–Œ  | 63/83 [00:20<00:06,  3.03it/s, loss=1.12, v_num=21]
Epoch 1:  77%|â–ˆâ–ˆâ–ˆâ–ˆâ–ˆâ–ˆâ–ˆâ–‹  | 64/83 [00:21<00:06,  3.05it/s, loss=1.12, v_num=21]
Epoch 1:  77%|â–ˆâ–ˆâ–ˆâ–ˆâ–ˆâ–ˆâ–ˆâ–‹  | 64/83 [00:21<00:06,  3.04it/s, loss=1.09, v_num=21]
Epoch 1:  78%|â–ˆâ–ˆâ–ˆâ–ˆâ–ˆâ–ˆâ–ˆâ–Š  | 65/83 [00:21<00:06,  2.97it/s, loss=1.09, v_num=21]
Epoch 1:  78%|â–ˆâ–ˆâ–ˆâ–ˆâ–ˆâ–ˆâ–ˆâ–Š  | 65/83 [00:21<00:06,  2.97it/s, loss=1.09, v_num=21]
Epoch 1:  80%|â–ˆâ–ˆâ–ˆâ–ˆâ–ˆâ–ˆâ–ˆâ–‰  | 66/83 [00:21<00:05,  3.01it/s, loss=1.09, v_num=21]
Epoch 1:  80%|â–ˆâ–ˆâ–ˆâ–ˆâ–ˆâ–ˆâ–ˆâ–‰  | 66/83 [00:21<00:05,  3.01it/s, loss=1.1, v_num=21] 
Epoch 1:  81%|â–ˆâ–ˆâ–ˆâ–ˆâ–ˆâ–ˆâ–ˆâ–ˆ  | 67/83 [00:21<00:05,  3.05it/s, loss=1.1, v_num=21]
Epoch 1:  81%|â–ˆâ–ˆâ–ˆâ–ˆâ–ˆâ–ˆâ–ˆâ–ˆ  | 67/83 [00:21<00:05,  3.05it/s, loss=1.11, v_num=21]
Epoch 1:  82%|â–ˆâ–ˆâ–ˆâ–ˆâ–ˆâ–ˆâ–ˆâ–ˆâ– | 68/83 [00:22<00:04,  3.06it/s, loss=1.11, v_num=21]
Epoch 1:  82%|â–ˆâ–ˆâ–ˆâ–ˆâ–ˆâ–ˆâ–ˆâ–ˆâ– | 68/83 [00:22<00:04,  3.06it/s, loss=1.11, v_num=21]
Epoch 1:  83%|â–ˆâ–ˆâ–ˆâ–ˆâ–ˆâ–ˆâ–ˆâ–ˆâ–Ž | 69/83 [00:23<00:04,  2.99it/s, loss=1.11, v_num=21]
Epoch 1:  83%|â–ˆâ–ˆâ–ˆâ–ˆâ–ˆâ–ˆâ–ˆâ–ˆâ–Ž | 69/83 [00:23<00:04,  2.98it/s, loss=1.11, v_num=21]
Epoch 1:  84%|â–ˆâ–ˆâ–ˆâ–ˆâ–ˆâ–ˆâ–ˆâ–ˆâ– | 70/83 [00:23<00:04,  3.02it/s, loss=1.11, v_num=21]
Epoch 1:  84%|â–ˆâ–ˆâ–ˆâ–ˆâ–ˆâ–ˆâ–ˆâ–ˆâ– | 70/83 [00:23<00:04,  3.02it/s, loss=1.12, v_num=21]
Epoch 1:  86%|â–ˆâ–ˆâ–ˆâ–ˆâ–ˆâ–ˆâ–ˆâ–ˆâ–Œ | 71/83 [00:23<00:03,  3.06it/s, loss=1.12, v_num=21]
Epoch 1:  86%|â–ˆâ–ˆâ–ˆâ–ˆâ–ˆâ–ˆâ–ˆâ–ˆâ–Œ | 71/83 [00:23<00:03,  3.06it/s, loss=1.12, v_num=21]
Epoch 1:  87%|â–ˆâ–ˆâ–ˆâ–ˆâ–ˆâ–ˆâ–ˆâ–ˆâ–‹ | 72/83 [00:23<00:03,  3.09it/s, loss=1.12, v_num=21]
Epoch 1:  87%|â–ˆâ–ˆâ–ˆâ–ˆâ–ˆâ–ˆâ–ˆâ–ˆâ–‹ | 72/83 [00:23<00:03,  3.09it/s, loss=1.13, v_num=21]
Epoch 1:  88%|â–ˆâ–ˆâ–ˆâ–ˆâ–ˆâ–ˆâ–ˆâ–ˆâ–Š | 73/83 [00:24<00:03,  3.00it/s, loss=1.13, v_num=21]
Epoch 1:  88%|â–ˆâ–ˆâ–ˆâ–ˆâ–ˆâ–ˆâ–ˆâ–ˆâ–Š | 73/83 [00:24<00:03,  3.00it/s, loss=1.14, v_num=21]
Epoch 1:  89%|â–ˆâ–ˆâ–ˆâ–ˆâ–ˆâ–ˆâ–ˆâ–ˆâ–‰ | 74/83 [00:24<00:02,  3.04it/s, loss=1.14, v_num=21]
Epoch 1:  89%|â–ˆâ–ˆâ–ˆâ–ˆâ–ˆâ–ˆâ–ˆâ–ˆâ–‰ | 74/83 [00:24<00:02,  3.03it/s, loss=1.14, v_num=21]
Epoch 1:  90%|â–ˆâ–ˆâ–ˆâ–ˆâ–ˆâ–ˆâ–ˆâ–ˆâ–ˆ | 75/83 [00:24<00:02,  3.07it/s, loss=1.14, v_num=21]
Epoch 1:  90%|â–ˆâ–ˆâ–ˆâ–ˆâ–ˆâ–ˆâ–ˆâ–ˆâ–ˆ | 75/83 [00:24<00:02,  3.07it/s, loss=1.14, v_num=21]
Epoch 1:  92%|â–ˆâ–ˆâ–ˆâ–ˆâ–ˆâ–ˆâ–ˆâ–ˆâ–ˆâ–| 76/83 [00:24<00:02,  3.10it/s, loss=1.14, v_num=21]
Epoch 1:  92%|â–ˆâ–ˆâ–ˆâ–ˆâ–ˆâ–ˆâ–ˆâ–ˆâ–ˆâ–| 76/83 [00:24<00:02,  3.10it/s, loss=1.14, v_num=21]
Epoch 1:  93%|â–ˆâ–ˆâ–ˆâ–ˆâ–ˆâ–ˆâ–ˆâ–ˆâ–ˆâ–Ž| 77/83 [00:25<00:01,  3.01it/s, loss=1.14, v_num=21]
Epoch 1:  93%|â–ˆâ–ˆâ–ˆâ–ˆâ–ˆâ–ˆâ–ˆâ–ˆâ–ˆâ–Ž| 77/83 [00:25<00:01,  3.01it/s, loss=1.13, v_num=21]
Epoch 1:  94%|â–ˆâ–ˆâ–ˆâ–ˆâ–ˆâ–ˆâ–ˆâ–ˆâ–ˆâ–| 78/83 [00:25<00:01,  3.04it/s, loss=1.13, v_num=21]
Epoch 1:  94%|â–ˆâ–ˆâ–ˆâ–ˆâ–ˆâ–ˆâ–ˆâ–ˆâ–ˆâ–| 78/83 [00:25<00:01,  3.04it/s, loss=1.14, v_num=21]
Epoch 1:  95%|â–ˆâ–ˆâ–ˆâ–ˆâ–ˆâ–ˆâ–ˆâ–ˆâ–ˆâ–Œ| 79/83 [00:25<00:01,  3.08it/s, loss=1.14, v_num=21]
Epoch 1:  95%|â–ˆâ–ˆâ–ˆâ–ˆâ–ˆâ–ˆâ–ˆâ–ˆâ–ˆâ–Œ| 79/83 [00:25<00:01,  3.08it/s, loss=1.14, v_num=21]
Epoch 1:  96%|â–ˆâ–ˆâ–ˆâ–ˆâ–ˆâ–ˆâ–ˆâ–ˆâ–ˆâ–‹| 80/83 [00:25<00:00,  3.11it/s, loss=1.14, v_num=21]
Epoch 1:  96%|â–ˆâ–ˆâ–ˆâ–ˆâ–ˆâ–ˆâ–ˆâ–ˆâ–ˆâ–‹| 80/83 [00:25<00:00,  3.11it/s, loss=1.13, v_num=21]
Epoch 1:  98%|â–ˆâ–ˆâ–ˆâ–ˆâ–ˆâ–ˆâ–ˆâ–ˆâ–ˆâ–Š| 81/83 [00:26<00:00,  3.08it/s, loss=1.13, v_num=21]
Epoch 1:  98%|â–ˆâ–ˆâ–ˆâ–ˆâ–ˆâ–ˆâ–ˆâ–ˆâ–ˆâ–Š| 81/83 [00:26<00:00,  3.07it/s, loss=1.13, v_num=21]
Epoch 1:  99%|â–ˆâ–ˆâ–ˆâ–ˆâ–ˆâ–ˆâ–ˆâ–ˆâ–ˆâ–‰| 82/83 [00:26<00:00,  3.11it/s, loss=1.13, v_num=21]
Epoch 1:  99%|â–ˆâ–ˆâ–ˆâ–ˆâ–ˆâ–ˆâ–ˆâ–ˆâ–ˆâ–‰| 82/83 [00:26<00:00,  3.11it/s, loss=1.12, v_num=21]

Validation: 0it [00:00, ?it/s][A

Validation:   0%|          | 0/1 [00:00<?, ?it/s][A

Validation DataLoader 0:   0%|          | 0/1 [00:00<?, ?it/s][A

Validation DataLoader 0: 100%|â–ˆâ–ˆâ–ˆâ–ˆâ–ˆâ–ˆâ–ˆâ–ˆâ–ˆâ–ˆ| 1/1 [00:00<00:00, 144.80it/s][A
Epoch 1: 100%|â–ˆâ–ˆâ–ˆâ–ˆâ–ˆâ–ˆâ–ˆâ–ˆâ–ˆâ–ˆ| 83/83 [00:26<00:00,  3.11it/s, loss=1.12, v_num=21]
Epoch 1: 100%|â–ˆâ–ˆâ–ˆâ–ˆâ–ˆâ–ˆâ–ˆâ–ˆâ–ˆâ–ˆ| 83/83 [00:26<00:00,  3.11it/s, loss=1.12, v_num=21]

                                                                       [A
Epoch 1: 100%|â–ˆâ–ˆâ–ˆâ–ˆâ–ˆâ–ˆâ–ˆâ–ˆâ–ˆâ–ˆ| 83/83 [00:31<00:00,  2.64it/s, loss=1.12, v_num=21]
Epoch 1:   0%|          | 0/83 [00:00<?, ?it/s, loss=1.12, v_num=21]         
Epoch 2:   0%|          | 0/83 [00:00<?, ?it/s, loss=1.12, v_num=21]
Epoch 2:   1%|          | 1/83 [00:00<01:14,  1.10it/s, loss=1.12, v_num=21]
Epoch 2:   1%|          | 1/83 [00:00<01:16,  1.08it/s, loss=1.12, v_num=21]
Epoch 2:   2%|â–         | 2/83 [00:01<01:10,  1.14it/s, loss=1.12, v_num=21]
Epoch 2:   2%|â–         | 2/83 [00:01<01:11,  1.14it/s, loss=1.12, v_num=21]
Epoch 2:   4%|â–Ž         | 3/83 [00:01<00:47,  1.67it/s, loss=1.12, v_num=21]
Epoch 2:   4%|â–Ž         | 3/83 [00:01<00:48,  1.65it/s, loss=1.12, v_num=21]
Epoch 2:   5%|â–         | 4/83 [00:01<00:38,  2.06it/s, loss=1.12, v_num=21]
Epoch 2:   5%|â–         | 4/83 [00:01<00:38,  2.05it/s, loss=1.1, v_num=21] 
Epoch 2:   6%|â–Œ         | 5/83 [00:01<00:30,  2.53it/s, loss=1.1, v_num=21]
Epoch 2:   6%|â–Œ         | 5/83 [00:01<00:30,  2.52it/s, loss=1.1, v_num=21]
Epoch 2:   7%|â–‹         | 6/83 [00:03<00:39,  1.95it/s, loss=1.1, v_num=21]
Epoch 2:   7%|â–‹         | 6/83 [00:03<00:39,  1.94it/s, loss=1.09, v_num=21]
Epoch 2:   8%|â–Š         | 7/83 [00:03<00:33,  2.24it/s, loss=1.09, v_num=21]
Epoch 2:   8%|â–Š         | 7/83 [00:03<00:34,  2.23it/s, loss=1.09, v_num=21]
Epoch 2:  10%|â–‰         | 8/83 [00:03<00:32,  2.33it/s, loss=1.09, v_num=21]
Epoch 2:  10%|â–‰         | 8/83 [00:03<00:32,  2.33it/s, loss=1.08, v_num=21]
Epoch 2:  11%|â–ˆ         | 9/83 [00:03<00:28,  2.59it/s, loss=1.08, v_num=21]
Epoch 2:  11%|â–ˆ         | 9/83 [00:03<00:28,  2.58it/s, loss=1.08, v_num=21]
Epoch 2:  12%|â–ˆâ–        | 10/83 [00:04<00:32,  2.26it/s, loss=1.08, v_num=21]
Epoch 2:  12%|â–ˆâ–        | 10/83 [00:04<00:32,  2.25it/s, loss=1.08, v_num=21]
Epoch 2:  13%|â–ˆâ–Ž        | 11/83 [00:04<00:29,  2.43it/s, loss=1.08, v_num=21]
Epoch 2:  13%|â–ˆâ–Ž        | 11/83 [00:04<00:29,  2.43it/s, loss=1.07, v_num=21]
Epoch 2:  14%|â–ˆâ–        | 12/83 [00:04<00:28,  2.49it/s, loss=1.07, v_num=21]
Epoch 2:  14%|â–ˆâ–        | 12/83 [00:04<00:28,  2.48it/s, loss=1.07, v_num=21]
Epoch 2:  16%|â–ˆâ–Œ        | 13/83 [00:04<00:26,  2.67it/s, loss=1.07, v_num=21]
Epoch 2:  16%|â–ˆâ–Œ        | 13/83 [00:04<00:26,  2.67it/s, loss=1.07, v_num=21]
Epoch 2:  17%|â–ˆâ–‹        | 14/83 [00:05<00:27,  2.55it/s, loss=1.07, v_num=21]
Epoch 2:  17%|â–ˆâ–‹        | 14/83 [00:05<00:27,  2.53it/s, loss=1.06, v_num=21]
Epoch 2:  18%|â–ˆâ–Š        | 15/83 [00:05<00:25,  2.62it/s, loss=1.06, v_num=21]
Epoch 2:  18%|â–ˆâ–Š        | 15/83 [00:05<00:26,  2.61it/s, loss=1.07, v_num=21]
Epoch 2:  19%|â–ˆâ–‰        | 16/83 [00:06<00:25,  2.61it/s, loss=1.07, v_num=21]
Epoch 2:  19%|â–ˆâ–‰        | 16/83 [00:06<00:25,  2.61it/s, loss=1.06, v_num=21]
Epoch 2:  20%|â–ˆâ–ˆ        | 17/83 [00:06<00:23,  2.75it/s, loss=1.06, v_num=21]
Epoch 2:  20%|â–ˆâ–ˆ        | 17/83 [00:06<00:24,  2.75it/s, loss=1.06, v_num=21]
Epoch 2:  22%|â–ˆâ–ˆâ–       | 18/83 [00:06<00:23,  2.72it/s, loss=1.06, v_num=21]
Epoch 2:  22%|â–ˆâ–ˆâ–       | 18/83 [00:06<00:23,  2.72it/s, loss=1.06, v_num=21]
Epoch 2:  23%|â–ˆâ–ˆâ–Ž       | 19/83 [00:06<00:23,  2.72it/s, loss=1.06, v_num=21]
Epoch 2:  23%|â–ˆâ–ˆâ–Ž       | 19/83 [00:06<00:23,  2.72it/s, loss=1.06, v_num=21]
Epoch 2:  24%|â–ˆâ–ˆâ–       | 20/83 [00:07<00:23,  2.73it/s, loss=1.06, v_num=21]
Epoch 2:  24%|â–ˆâ–ˆâ–       | 20/83 [00:07<00:23,  2.72it/s, loss=1.06, v_num=21]
Epoch 2:  25%|â–ˆâ–ˆâ–Œ       | 21/83 [00:07<00:21,  2.84it/s, loss=1.06, v_num=21]
Epoch 2:  25%|â–ˆâ–ˆâ–Œ       | 21/83 [00:07<00:21,  2.83it/s, loss=1.06, v_num=21]
Epoch 2:  27%|â–ˆâ–ˆâ–‹       | 22/83 [00:07<00:21,  2.83it/s, loss=1.06, v_num=21]
Epoch 2:  27%|â–ˆâ–ˆâ–‹       | 22/83 [00:07<00:21,  2.83it/s, loss=1.06, v_num=21]
Epoch 2:  28%|â–ˆâ–ˆâ–Š       | 23/83 [00:08<00:21,  2.81it/s, loss=1.06, v_num=21]
Epoch 2:  28%|â–ˆâ–ˆâ–Š       | 23/83 [00:08<00:21,  2.81it/s, loss=1.06, v_num=21]
Epoch 2:  29%|â–ˆâ–ˆâ–‰       | 24/83 [00:08<00:21,  2.78it/s, loss=1.06, v_num=21]
Epoch 2:  29%|â–ˆâ–ˆâ–‰       | 24/83 [00:08<00:21,  2.78it/s, loss=1.06, v_num=21]
Epoch 2:  30%|â–ˆâ–ˆâ–ˆ       | 25/83 [00:08<00:20,  2.89it/s, loss=1.06, v_num=21]
Epoch 2:  30%|â–ˆâ–ˆâ–ˆ       | 25/83 [00:08<00:20,  2.88it/s, loss=1.06, v_num=21]
Epoch 2:  31%|â–ˆâ–ˆâ–ˆâ–      | 26/83 [00:08<00:19,  2.93it/s, loss=1.06, v_num=21]
Epoch 2:  31%|â–ˆâ–ˆâ–ˆâ–      | 26/83 [00:08<00:19,  2.92it/s, loss=1.06, v_num=21]
Epoch 2:  33%|â–ˆâ–ˆâ–ˆâ–Ž      | 27/83 [00:09<00:19,  2.88it/s, loss=1.06, v_num=21]
Epoch 2:  33%|â–ˆâ–ˆâ–ˆâ–Ž      | 27/83 [00:09<00:19,  2.87it/s, loss=1.06, v_num=21]
Epoch 2:  34%|â–ˆâ–ˆâ–ˆâ–Ž      | 28/83 [00:09<00:19,  2.81it/s, loss=1.06, v_num=21]
Epoch 2:  34%|â–ˆâ–ˆâ–ˆâ–Ž      | 28/83 [00:09<00:19,  2.81it/s, loss=1.05, v_num=21]
Epoch 2:  35%|â–ˆâ–ˆâ–ˆâ–      | 29/83 [00:10<00:18,  2.90it/s, loss=1.05, v_num=21]
Epoch 2:  35%|â–ˆâ–ˆâ–ˆâ–      | 29/83 [00:10<00:18,  2.90it/s, loss=1.05, v_num=21]
Epoch 2:  36%|â–ˆâ–ˆâ–ˆâ–Œ      | 30/83 [00:10<00:17,  2.96it/s, loss=1.05, v_num=21]
Epoch 2:  36%|â–ˆâ–ˆâ–ˆâ–Œ      | 30/83 [00:10<00:17,  2.96it/s, loss=1.05, v_num=21]
Epoch 2:  37%|â–ˆâ–ˆâ–ˆâ–‹      | 31/83 [00:10<00:17,  2.92it/s, loss=1.05, v_num=21]
Epoch 2:  37%|â–ˆâ–ˆâ–ˆâ–‹      | 31/83 [00:10<00:17,  2.92it/s, loss=1.05, v_num=21]
Epoch 2:  39%|â–ˆâ–ˆâ–ˆâ–Š      | 32/83 [00:11<00:17,  2.84it/s, loss=1.05, v_num=21]
Epoch 2:  39%|â–ˆâ–ˆâ–ˆâ–Š      | 32/83 [00:11<00:17,  2.84it/s, loss=1.04, v_num=21]
Epoch 2:  40%|â–ˆâ–ˆâ–ˆâ–‰      | 33/83 [00:11<00:17,  2.92it/s, loss=1.04, v_num=21]
Epoch 2:  40%|â–ˆâ–ˆâ–ˆâ–‰      | 33/83 [00:11<00:17,  2.92it/s, loss=1.04, v_num=21]
Epoch 2:  41%|â–ˆâ–ˆâ–ˆâ–ˆ      | 34/83 [00:11<00:16,  3.00it/s, loss=1.04, v_num=21]
Epoch 2:  41%|â–ˆâ–ˆâ–ˆâ–ˆ      | 34/83 [00:11<00:16,  3.00it/s, loss=1.04, v_num=21]
Epoch 2:  42%|â–ˆâ–ˆâ–ˆâ–ˆâ–     | 35/83 [00:11<00:16,  2.95it/s, loss=1.04, v_num=21]
Epoch 2:  42%|â–ˆâ–ˆâ–ˆâ–ˆâ–     | 35/83 [00:11<00:16,  2.94it/s, loss=1.04, v_num=21]
Epoch 2:  43%|â–ˆâ–ˆâ–ˆâ–ˆâ–Ž     | 36/83 [00:12<00:16,  2.85it/s, loss=1.04, v_num=21]
Epoch 2:  43%|â–ˆâ–ˆâ–ˆâ–ˆâ–Ž     | 36/83 [00:12<00:16,  2.85it/s, loss=1.04, v_num=21]
Epoch 2:  45%|â–ˆâ–ˆâ–ˆâ–ˆâ–     | 37/83 [00:12<00:15,  2.92it/s, loss=1.04, v_num=21]
Epoch 2:  45%|â–ˆâ–ˆâ–ˆâ–ˆâ–     | 37/83 [00:12<00:15,  2.92it/s, loss=1.04, v_num=21]
Epoch 2:  46%|â–ˆâ–ˆâ–ˆâ–ˆâ–Œ     | 38/83 [00:12<00:15,  3.00it/s, loss=1.04, v_num=21]
Epoch 2:  46%|â–ˆâ–ˆâ–ˆâ–ˆâ–Œ     | 38/83 [00:12<00:15,  2.99it/s, loss=1.04, v_num=21]
Epoch 2:  47%|â–ˆâ–ˆâ–ˆâ–ˆâ–‹     | 39/83 [00:13<00:14,  2.98it/s, loss=1.04, v_num=21]
Epoch 2:  47%|â–ˆâ–ˆâ–ˆâ–ˆâ–‹     | 39/83 [00:13<00:14,  2.98it/s, loss=1.04, v_num=21]
Epoch 2:  48%|â–ˆâ–ˆâ–ˆâ–ˆâ–Š     | 40/83 [00:13<00:14,  2.87it/s, loss=1.04, v_num=21]
Epoch 2:  48%|â–ˆâ–ˆâ–ˆâ–ˆâ–Š     | 40/83 [00:13<00:14,  2.87it/s, loss=1.04, v_num=21]
Epoch 2:  49%|â–ˆâ–ˆâ–ˆâ–ˆâ–‰     | 41/83 [00:13<00:14,  2.93it/s, loss=1.04, v_num=21]
Epoch 2:  49%|â–ˆâ–ˆâ–ˆâ–ˆâ–‰     | 41/83 [00:14<00:14,  2.93it/s, loss=1.04, v_num=21]
Epoch 2:  51%|â–ˆâ–ˆâ–ˆâ–ˆâ–ˆ     | 42/83 [00:14<00:13,  2.99it/s, loss=1.04, v_num=21]
Epoch 2:  51%|â–ˆâ–ˆâ–ˆâ–ˆâ–ˆ     | 42/83 [00:14<00:13,  2.99it/s, loss=1.03, v_num=21]
Epoch 2:  52%|â–ˆâ–ˆâ–ˆâ–ˆâ–ˆâ–    | 43/83 [00:14<00:13,  3.00it/s, loss=1.03, v_num=21]
Epoch 2:  52%|â–ˆâ–ˆâ–ˆâ–ˆâ–ˆâ–    | 43/83 [00:14<00:13,  2.99it/s, loss=1.03, v_num=21]
Epoch 2:  53%|â–ˆâ–ˆâ–ˆâ–ˆâ–ˆâ–Ž    | 44/83 [00:15<00:13,  2.89it/s, loss=1.03, v_num=21]
Epoch 2:  53%|â–ˆâ–ˆâ–ˆâ–ˆâ–ˆâ–Ž    | 44/83 [00:15<00:13,  2.89it/s, loss=1.04, v_num=21]
Epoch 2:  54%|â–ˆâ–ˆâ–ˆâ–ˆâ–ˆâ–    | 45/83 [00:15<00:12,  2.95it/s, loss=1.04, v_num=21]
Epoch 2:  54%|â–ˆâ–ˆâ–ˆâ–ˆâ–ˆâ–    | 45/83 [00:15<00:12,  2.95it/s, loss=1.04, v_num=21]
Epoch 2:  55%|â–ˆâ–ˆâ–ˆâ–ˆâ–ˆâ–Œ    | 46/83 [00:15<00:12,  3.01it/s, loss=1.04, v_num=21]
Epoch 2:  55%|â–ˆâ–ˆâ–ˆâ–ˆâ–ˆâ–Œ    | 46/83 [00:15<00:12,  3.01it/s, loss=1.04, v_num=21]
Epoch 2:  57%|â–ˆâ–ˆâ–ˆâ–ˆâ–ˆâ–‹    | 47/83 [00:15<00:11,  3.03it/s, loss=1.04, v_num=21]
Epoch 2:  57%|â–ˆâ–ˆâ–ˆâ–ˆâ–ˆâ–‹    | 47/83 [00:15<00:11,  3.02it/s, loss=1.04, v_num=21]
Epoch 2:  58%|â–ˆâ–ˆâ–ˆâ–ˆâ–ˆâ–Š    | 48/83 [00:16<00:11,  2.93it/s, loss=1.04, v_num=21]
Epoch 2:  58%|â–ˆâ–ˆâ–ˆâ–ˆâ–ˆâ–Š    | 48/83 [00:16<00:11,  2.92it/s, loss=1.05, v_num=21]
Epoch 2:  59%|â–ˆâ–ˆâ–ˆâ–ˆâ–ˆâ–‰    | 49/83 [00:16<00:11,  2.98it/s, loss=1.05, v_num=21]
Epoch 2:  59%|â–ˆâ–ˆâ–ˆâ–ˆâ–ˆâ–‰    | 49/83 [00:16<00:11,  2.98it/s, loss=1.05, v_num=21]
Epoch 2:  60%|â–ˆâ–ˆâ–ˆâ–ˆâ–ˆâ–ˆ    | 50/83 [00:16<00:10,  3.04it/s, loss=1.05, v_num=21]
Epoch 2:  60%|â–ˆâ–ˆâ–ˆâ–ˆâ–ˆâ–ˆ    | 50/83 [00:16<00:10,  3.03it/s, loss=1.05, v_num=21]
Epoch 2:  61%|â–ˆâ–ˆâ–ˆâ–ˆâ–ˆâ–ˆâ–   | 51/83 [00:16<00:10,  3.05it/s, loss=1.05, v_num=21]
Epoch 2:  61%|â–ˆâ–ˆâ–ˆâ–ˆâ–ˆâ–ˆâ–   | 51/83 [00:16<00:10,  3.04it/s, loss=1.05, v_num=21]
Epoch 2:  63%|â–ˆâ–ˆâ–ˆâ–ˆâ–ˆâ–ˆâ–Ž   | 52/83 [00:17<00:10,  2.95it/s, loss=1.05, v_num=21]
Epoch 2:  63%|â–ˆâ–ˆâ–ˆâ–ˆâ–ˆâ–ˆâ–Ž   | 52/83 [00:17<00:10,  2.95it/s, loss=1.05, v_num=21]
Epoch 2:  64%|â–ˆâ–ˆâ–ˆâ–ˆâ–ˆâ–ˆâ–   | 53/83 [00:17<00:10,  3.00it/s, loss=1.05, v_num=21]
Epoch 2:  64%|â–ˆâ–ˆâ–ˆâ–ˆâ–ˆâ–ˆâ–   | 53/83 [00:17<00:10,  3.00it/s, loss=1.05, v_num=21]
Epoch 2:  65%|â–ˆâ–ˆâ–ˆâ–ˆâ–ˆâ–ˆâ–Œ   | 54/83 [00:17<00:09,  3.05it/s, loss=1.05, v_num=21]
Epoch 2:  65%|â–ˆâ–ˆâ–ˆâ–ˆâ–ˆâ–ˆâ–Œ   | 54/83 [00:17<00:09,  3.05it/s, loss=1.05, v_num=21]
Epoch 2:  66%|â–ˆâ–ˆâ–ˆâ–ˆâ–ˆâ–ˆâ–‹   | 55/83 [00:17<00:09,  3.08it/s, loss=1.05, v_num=21]
Epoch 2:  66%|â–ˆâ–ˆâ–ˆâ–ˆâ–ˆâ–ˆâ–‹   | 55/83 [00:17<00:09,  3.07it/s, loss=1.05, v_num=21]
Epoch 2:  67%|â–ˆâ–ˆâ–ˆâ–ˆâ–ˆâ–ˆâ–‹   | 56/83 [00:18<00:09,  2.96it/s, loss=1.05, v_num=21]
Epoch 2:  67%|â–ˆâ–ˆâ–ˆâ–ˆâ–ˆâ–ˆâ–‹   | 56/83 [00:18<00:09,  2.96it/s, loss=1.05, v_num=21]
Epoch 2:  69%|â–ˆâ–ˆâ–ˆâ–ˆâ–ˆâ–ˆâ–Š   | 57/83 [00:18<00:08,  3.01it/s, loss=1.05, v_num=21]
Epoch 2:  69%|â–ˆâ–ˆâ–ˆâ–ˆâ–ˆâ–ˆâ–Š   | 57/83 [00:18<00:08,  3.00it/s, loss=1.04, v_num=21]
Epoch 2:  70%|â–ˆâ–ˆâ–ˆâ–ˆâ–ˆâ–ˆâ–‰   | 58/83 [00:19<00:08,  3.05it/s, loss=1.04, v_num=21]
Epoch 2:  70%|â–ˆâ–ˆâ–ˆâ–ˆâ–ˆâ–ˆâ–‰   | 58/83 [00:19<00:08,  3.05it/s, loss=1.97, v_num=21]
Epoch 2:  71%|â–ˆâ–ˆâ–ˆâ–ˆâ–ˆâ–ˆâ–ˆ   | 59/83 [00:19<00:07,  3.08it/s, loss=1.97, v_num=21]
Epoch 2:  71%|â–ˆâ–ˆâ–ˆâ–ˆâ–ˆâ–ˆâ–ˆ   | 59/83 [00:19<00:07,  3.08it/s, loss=1.96, v_num=21]
Epoch 2:  72%|â–ˆâ–ˆâ–ˆâ–ˆâ–ˆâ–ˆâ–ˆâ–  | 60/83 [00:20<00:07,  2.97it/s, loss=1.96, v_num=21]
Epoch 2:  72%|â–ˆâ–ˆâ–ˆâ–ˆâ–ˆâ–ˆâ–ˆâ–  | 60/83 [00:20<00:07,  2.97it/s, loss=1.96, v_num=21]
Epoch 2:  73%|â–ˆâ–ˆâ–ˆâ–ˆâ–ˆâ–ˆâ–ˆâ–Ž  | 61/83 [00:20<00:07,  3.02it/s, loss=1.96, v_num=21]
Epoch 2:  73%|â–ˆâ–ˆâ–ˆâ–ˆâ–ˆâ–ˆâ–ˆâ–Ž  | 61/83 [00:20<00:07,  3.02it/s, loss=1.96, v_num=21]
Epoch 2:  75%|â–ˆâ–ˆâ–ˆâ–ˆâ–ˆâ–ˆâ–ˆâ–  | 62/83 [00:20<00:06,  3.06it/s, loss=1.96, v_num=21]
Epoch 2:  75%|â–ˆâ–ˆâ–ˆâ–ˆâ–ˆâ–ˆâ–ˆâ–  | 62/83 [00:20<00:06,  3.06it/s, loss=1.95, v_num=21]
Epoch 2:  76%|â–ˆâ–ˆâ–ˆâ–ˆâ–ˆâ–ˆâ–ˆâ–Œ  | 63/83 [00:20<00:06,  3.08it/s, loss=1.95, v_num=21]
Epoch 2:  76%|â–ˆâ–ˆâ–ˆâ–ˆâ–ˆâ–ˆâ–ˆâ–Œ  | 63/83 [00:20<00:06,  3.08it/s, loss=1.95, v_num=21]
Epoch 2:  77%|â–ˆâ–ˆâ–ˆâ–ˆâ–ˆâ–ˆâ–ˆâ–‹  | 64/83 [00:21<00:06,  2.99it/s, loss=1.95, v_num=21]
Epoch 2:  77%|â–ˆâ–ˆâ–ˆâ–ˆâ–ˆâ–ˆâ–ˆâ–‹  | 64/83 [00:21<00:06,  2.98it/s, loss=1.95, v_num=21]
Epoch 2:  78%|â–ˆâ–ˆâ–ˆâ–ˆâ–ˆâ–ˆâ–ˆâ–Š  | 65/83 [00:21<00:05,  3.03it/s, loss=1.95, v_num=21]
Epoch 2:  78%|â–ˆâ–ˆâ–ˆâ–ˆâ–ˆâ–ˆâ–ˆâ–Š  | 65/83 [00:21<00:05,  3.03it/s, loss=1.94, v_num=21]
Epoch 2:  80%|â–ˆâ–ˆâ–ˆâ–ˆâ–ˆâ–ˆâ–ˆâ–‰  | 66/83 [00:21<00:05,  3.07it/s, loss=1.94, v_num=21]
Epoch 2:  80%|â–ˆâ–ˆâ–ˆâ–ˆâ–ˆâ–ˆâ–ˆâ–‰  | 66/83 [00:21<00:05,  3.07it/s, loss=1.94, v_num=21]
Epoch 2:  81%|â–ˆâ–ˆâ–ˆâ–ˆâ–ˆâ–ˆâ–ˆâ–ˆ  | 67/83 [00:21<00:05,  3.08it/s, loss=1.94, v_num=21]
Epoch 2:  81%|â–ˆâ–ˆâ–ˆâ–ˆâ–ˆâ–ˆâ–ˆâ–ˆ  | 67/83 [00:21<00:05,  3.07it/s, loss=2.53e+03, v_num=21]
Epoch 2:  82%|â–ˆâ–ˆâ–ˆâ–ˆâ–ˆâ–ˆâ–ˆâ–ˆâ– | 68/83 [00:22<00:05,  3.00it/s, loss=2.53e+03, v_num=21]
Epoch 2:  82%|â–ˆâ–ˆâ–ˆâ–ˆâ–ˆâ–ˆâ–ˆâ–ˆâ– | 68/83 [00:22<00:05,  3.00it/s, loss=2.53e+03, v_num=21]
Epoch 2:  83%|â–ˆâ–ˆâ–ˆâ–ˆâ–ˆâ–ˆâ–ˆâ–ˆâ–Ž | 69/83 [00:22<00:04,  3.04it/s, loss=2.53e+03, v_num=21]
Epoch 2:  83%|â–ˆâ–ˆâ–ˆâ–ˆâ–ˆâ–ˆâ–ˆâ–ˆâ–Ž | 69/83 [00:22<00:04,  3.03it/s, loss=3.15e+03, v_num=21]
Epoch 2:  84%|â–ˆâ–ˆâ–ˆâ–ˆâ–ˆâ–ˆâ–ˆâ–ˆâ– | 70/83 [00:22<00:04,  3.07it/s, loss=3.15e+03, v_num=21]
Epoch 2:  84%|â–ˆâ–ˆâ–ˆâ–ˆâ–ˆâ–ˆâ–ˆâ–ˆâ– | 70/83 [00:22<00:04,  3.07it/s, loss=3.15e+03, v_num=21]
Epoch 2:  86%|â–ˆâ–ˆâ–ˆâ–ˆâ–ˆâ–ˆâ–ˆâ–ˆâ–Œ | 71/83 [00:22<00:03,  3.09it/s, loss=3.15e+03, v_num=21]
Epoch 2:  86%|â–ˆâ–ˆâ–ˆâ–ˆâ–ˆâ–ˆâ–ˆâ–ˆâ–Œ | 71/83 [00:22<00:03,  3.09it/s, loss=3.15e+03, v_num=21]
Epoch 2:  87%|â–ˆâ–ˆâ–ˆâ–ˆâ–ˆâ–ˆâ–ˆâ–ˆâ–‹ | 72/83 [00:23<00:03,  3.01it/s, loss=3.15e+03, v_num=21]
Epoch 2:  87%|â–ˆâ–ˆâ–ˆâ–ˆâ–ˆâ–ˆâ–ˆâ–ˆâ–‹ | 72/83 [00:23<00:03,  3.01it/s, loss=3.15e+03, v_num=21]
Epoch 2:  88%|â–ˆâ–ˆâ–ˆâ–ˆâ–ˆâ–ˆâ–ˆâ–ˆâ–Š | 73/83 [00:23<00:03,  3.05it/s, loss=3.15e+03, v_num=21]
Epoch 2:  88%|â–ˆâ–ˆâ–ˆâ–ˆâ–ˆâ–ˆâ–ˆâ–ˆâ–Š | 73/83 [00:23<00:03,  3.04it/s, loss=3.15e+03, v_num=21]
Epoch 2:  89%|â–ˆâ–ˆâ–ˆâ–ˆâ–ˆâ–ˆâ–ˆâ–ˆâ–‰ | 74/83 [00:24<00:02,  3.08it/s, loss=3.15e+03, v_num=21]
Epoch 2:  89%|â–ˆâ–ˆâ–ˆâ–ˆâ–ˆâ–ˆâ–ˆâ–ˆâ–‰ | 74/83 [00:24<00:02,  3.08it/s, loss=3.15e+03, v_num=21]
Epoch 2:  90%|â–ˆâ–ˆâ–ˆâ–ˆâ–ˆâ–ˆâ–ˆâ–ˆâ–ˆ | 75/83 [00:24<00:02,  3.11it/s, loss=3.15e+03, v_num=21]
Epoch 2:  90%|â–ˆâ–ˆâ–ˆâ–ˆâ–ˆâ–ˆâ–ˆâ–ˆâ–ˆ | 75/83 [00:24<00:02,  3.11it/s, loss=3.15e+03, v_num=21]
Epoch 2:  92%|â–ˆâ–ˆâ–ˆâ–ˆâ–ˆâ–ˆâ–ˆâ–ˆâ–ˆâ–| 76/83 [00:25<00:02,  3.03it/s, loss=3.15e+03, v_num=21]
Epoch 2:  92%|â–ˆâ–ˆâ–ˆâ–ˆâ–ˆâ–ˆâ–ˆâ–ˆâ–ˆâ–| 76/83 [00:25<00:02,  3.03it/s, loss=3.15e+03, v_num=21]
Epoch 2:  93%|â–ˆâ–ˆâ–ˆâ–ˆâ–ˆâ–ˆâ–ˆâ–ˆâ–ˆâ–Ž| 77/83 [00:25<00:01,  3.06it/s, loss=3.15e+03, v_num=21]
Epoch 2:  93%|â–ˆâ–ˆâ–ˆâ–ˆâ–ˆâ–ˆâ–ˆâ–ˆâ–ˆâ–Ž| 77/83 [00:25<00:01,  3.06it/s, loss=3.15e+03, v_num=21]
Epoch 2:  94%|â–ˆâ–ˆâ–ˆâ–ˆâ–ˆâ–ˆâ–ˆâ–ˆâ–ˆâ–| 78/83 [00:25<00:01,  3.10it/s, loss=3.15e+03, v_num=21]
Epoch 2:  94%|â–ˆâ–ˆâ–ˆâ–ˆâ–ˆâ–ˆâ–ˆâ–ˆâ–ˆâ–| 78/83 [00:25<00:01,  3.10it/s, loss=3.15e+03, v_num=21]
Epoch 2:  95%|â–ˆâ–ˆâ–ˆâ–ˆâ–ˆâ–ˆâ–ˆâ–ˆâ–ˆâ–Œ| 79/83 [00:25<00:01,  3.11it/s, loss=3.15e+03, v_num=21]
Epoch 2:  95%|â–ˆâ–ˆâ–ˆâ–ˆâ–ˆâ–ˆâ–ˆâ–ˆâ–ˆâ–Œ| 79/83 [00:25<00:01,  3.11it/s, loss=3.15e+03, v_num=21]
Epoch 2:  96%|â–ˆâ–ˆâ–ˆâ–ˆâ–ˆâ–ˆâ–ˆâ–ˆâ–ˆâ–‹| 80/83 [00:25<00:00,  3.09it/s, loss=3.15e+03, v_num=21]
Epoch 2:  96%|â–ˆâ–ˆâ–ˆâ–ˆâ–ˆâ–ˆâ–ˆâ–ˆâ–ˆâ–‹| 80/83 [00:25<00:00,  3.08it/s, loss=3.15e+03, v_num=21]
Epoch 2:  98%|â–ˆâ–ˆâ–ˆâ–ˆâ–ˆâ–ˆâ–ˆâ–ˆâ–ˆâ–Š| 81/83 [00:25<00:00,  3.12it/s, loss=3.15e+03, v_num=21]
Epoch 2:  98%|â–ˆâ–ˆâ–ˆâ–ˆâ–ˆâ–ˆâ–ˆâ–ˆâ–ˆâ–Š| 81/83 [00:25<00:00,  3.12it/s, loss=3.15e+03, v_num=21]
Epoch 2:  99%|â–ˆâ–ˆâ–ˆâ–ˆâ–ˆâ–ˆâ–ˆâ–ˆâ–ˆâ–‰| 82/83 [00:25<00:00,  3.16it/s, loss=3.15e+03, v_num=21]
Epoch 2:  99%|â–ˆâ–ˆâ–ˆâ–ˆâ–ˆâ–ˆâ–ˆâ–ˆâ–ˆâ–‰| 82/83 [00:25<00:00,  3.16it/s, loss=3.15e+03, v_num=21]

Validation: 0it [00:00, ?it/s][A

Validation:   0%|          | 0/1 [00:00<?, ?it/s][A

Validation DataLoader 0:   0%|          | 0/1 [00:00<?, ?it/s][A

Validation DataLoader 0: 100%|â–ˆâ–ˆâ–ˆâ–ˆâ–ˆâ–ˆâ–ˆâ–ˆâ–ˆâ–ˆ| 1/1 [00:00<00:00, 148.80it/s][A
Epoch 2: 100%|â–ˆâ–ˆâ–ˆâ–ˆâ–ˆâ–ˆâ–ˆâ–ˆâ–ˆâ–ˆ| 83/83 [00:26<00:00,  3.16it/s, loss=3.15e+03, v_num=21]
Epoch 2: 100%|â–ˆâ–ˆâ–ˆâ–ˆâ–ˆâ–ˆâ–ˆâ–ˆâ–ˆâ–ˆ| 83/83 [00:26<00:00,  3.16it/s, loss=3.15e+03, v_num=21]

                                                                       [AERROR: Unexpected bus error encountered in worker. This might be caused by insufficient shared memory (shm).
 [rank0]: Traceback (most recent call last):
[rank0]:   File "/opt/conda/envs/vae/lib/python3.10/site-packages/torch/utils/data/dataloader.py", line 1284, in _try_get_data
[rank0]:     data = self._data_queue.get(timeout=timeout)
[rank0]:   File "/opt/conda/envs/vae/lib/python3.10/queue.py", line 180, in get
[rank0]:     self.not_empty.wait(remaining)
[rank0]:   File "/opt/conda/envs/vae/lib/python3.10/threading.py", line 324, in wait
[rank0]:     gotit = waiter.acquire(True, timeout)
[rank0]:   File "/opt/conda/envs/vae/lib/python3.10/site-packages/torch/utils/data/_utils/signal_handling.py", line 73, in handler
[rank0]:     _error_if_any_worker_fails()
[rank0]: RuntimeError: DataLoader worker (pid 39585) is killed by signal: Bus error. It is possible that dataloader's workers are out of shared memory. Please try to raise your shared memory limit.

[rank0]: The above exception was the direct cause of the following exception:

[rank0]: Traceback (most recent call last):
[rank0]:   File "/mntdata/rishabh/ece285/PyTorch-VAE/run.py", line 62, in <module>
[rank0]:     runner.fit(experiment, datamodule=data)
[rank0]:   File "/opt/conda/envs/vae/lib/python3.10/site-packages/pytorch_lightning/trainer/trainer.py", line 603, in fit
[rank0]:     call._call_and_handle_interrupt(
[rank0]:   File "/opt/conda/envs/vae/lib/python3.10/site-packages/pytorch_lightning/trainer/call.py", line 36, in _call_and_handle_interrupt
[rank0]:     return trainer.strategy.launcher.launch(trainer_fn, *args, trainer=trainer, **kwargs)
[rank0]:   File "/opt/conda/envs/vae/lib/python3.10/site-packages/pytorch_lightning/strategies/launchers/subprocess_script.py", line 90, in launch
[rank0]:     return function(*args, **kwargs)
[rank0]:   File "/opt/conda/envs/vae/lib/python3.10/site-packages/pytorch_lightning/trainer/trainer.py", line 645, in _fit_impl
[rank0]:     self._run(model, ckpt_path=self.ckpt_path)
[rank0]:   File "/opt/conda/envs/vae/lib/python3.10/site-packages/pytorch_lightning/trainer/trainer.py", line 1098, in _run
[rank0]:     results = self._run_stage()
[rank0]:   File "/opt/conda/envs/vae/lib/python3.10/site-packages/pytorch_lightning/trainer/trainer.py", line 1177, in _run_stage
[rank0]:     self._run_train()
[rank0]:   File "/opt/conda/envs/vae/lib/python3.10/site-packages/pytorch_lightning/trainer/trainer.py", line 1200, in _run_train
[rank0]:     self.fit_loop.run()
[rank0]:   File "/opt/conda/envs/vae/lib/python3.10/site-packages/pytorch_lightning/loops/loop.py", line 199, in run
[rank0]:     self.advance(*args, **kwargs)
[rank0]:   File "/opt/conda/envs/vae/lib/python3.10/site-packages/pytorch_lightning/loops/fit_loop.py", line 267, in advance
[rank0]:     self._outputs = self.epoch_loop.run(self._data_fetcher)
[rank0]:   File "/opt/conda/envs/vae/lib/python3.10/site-packages/pytorch_lightning/loops/loop.py", line 200, in run
[rank0]:     self.on_advance_end()
[rank0]:   File "/opt/conda/envs/vae/lib/python3.10/site-packages/pytorch_lightning/loops/epoch/training_epoch_loop.py", line 251, in on_advance_end
[rank0]:     self._run_validation()
[rank0]:   File "/opt/conda/envs/vae/lib/python3.10/site-packages/pytorch_lightning/loops/epoch/training_epoch_loop.py", line 310, in _run_validation
[rank0]:     self.val_loop.run()
[rank0]:   File "/opt/conda/envs/vae/lib/python3.10/site-packages/pytorch_lightning/loops/loop.py", line 206, in run
[rank0]:     output = self.on_run_end()
[rank0]:   File "/opt/conda/envs/vae/lib/python3.10/site-packages/pytorch_lightning/loops/dataloader/evaluation_loop.py", line 198, in on_run_end
[rank0]:     self._on_evaluation_end()
[rank0]:   File "/opt/conda/envs/vae/lib/python3.10/site-packages/pytorch_lightning/loops/dataloader/evaluation_loop.py", line 263, in _on_evaluation_end
[rank0]:     self.trainer._call_lightning_module_hook(hook_name, *args, **kwargs)
[rank0]:   File "/opt/conda/envs/vae/lib/python3.10/site-packages/pytorch_lightning/trainer/trainer.py", line 1342, in _call_lightning_module_hook
[rank0]:     output = fn(*args, **kwargs)
[rank0]:   File "/mntdata/rishabh/ece285/PyTorch-VAE/experiment.py", line 62, in on_validation_end
[rank0]:     self.sample_images()
[rank0]:   File "/mntdata/rishabh/ece285/PyTorch-VAE/experiment.py", line 66, in sample_images
[rank0]:     test_input, test_label = next(iter(self.trainer.datamodule.test_dataloader()))
[rank0]:   File "/opt/conda/envs/vae/lib/python3.10/site-packages/torch/utils/data/dataloader.py", line 733, in __next__
[rank0]:     data = self._next_data()
[rank0]:   File "/opt/conda/envs/vae/lib/python3.10/site-packages/torch/utils/data/dataloader.py", line 1491, in _next_data
[rank0]:     idx, data = self._get_data()
[rank0]:   File "/opt/conda/envs/vae/lib/python3.10/site-packages/torch/utils/data/dataloader.py", line 1443, in _get_data
[rank0]:     success, data = self._try_get_data()
[rank0]:   File "/opt/conda/envs/vae/lib/python3.10/site-packages/torch/utils/data/dataloader.py", line 1297, in _try_get_data
[rank0]:     raise RuntimeError(
[rank0]: RuntimeError: DataLoader worker (pid(s) 39585) exited unexpectedly

Epoch 2: 100%|â–ˆâ–ˆâ–ˆâ–ˆâ–ˆâ–ˆâ–ˆâ–ˆâ–ˆâ–ˆ| 83/83 [00:29<00:00,  2.81it/s, loss=3.15e+03, v_num=21][rank0]:[W520 20:15:37.657223421 ProcessGroupNCCL.cpp:1476] Warning: WARNING: destroy_process_group() was not called before program exit, which can leak resources. For more info, please see https://pytorch.org/docs/stable/distributed.html#shutdown (function operator())
